  Cliente.c
D:\IPCA\Estruturas de dados avançada\Projeto_EDA\Projeto_EDA\Utility.h(36,37): error C2143: syntax error: missing ')' before '*'
D:\IPCA\Estruturas de dados avançada\Projeto_EDA\Projeto_EDA\Utility.h(36,37): error C2143: syntax error: missing '{' before '*'
D:\IPCA\Estruturas de dados avançada\Projeto_EDA\Projeto_EDA\Utility.h(36,50): error C2059: syntax error: ')'
D:\IPCA\Estruturas de dados avançada\Projeto_EDA\Projeto_EDA\Cliente.h(39,2): error C2061: syntax error: identifier 'ClientList'
D:\IPCA\Estruturas de dados avançada\Projeto_EDA\Projeto_EDA\Cliente.h(40,1): error C2059: syntax error: '}'
D:\IPCA\Estruturas de dados avançada\Projeto_EDA\Projeto_EDA\Cliente.h(44,11): error C2143: syntax error: missing '{' before '*'
D:\IPCA\Estruturas de dados avançada\Projeto_EDA\Projeto_EDA\Cliente.h(44,42): error C2143: syntax error: missing ')' before '*'
D:\IPCA\Estruturas de dados avançada\Projeto_EDA\Projeto_EDA\Cliente.h(44,42): error C2143: syntax error: missing '{' before '*'
D:\IPCA\Estruturas de dados avançada\Projeto_EDA\Projeto_EDA\Cliente.h(44,60): error C2059: syntax error: 'type'
D:\IPCA\Estruturas de dados avançada\Projeto_EDA\Projeto_EDA\Cliente.h(44,97): error C2059: syntax error: ')'
D:\IPCA\Estruturas de dados avançada\Projeto_EDA\Projeto_EDA\Cliente.h(46,11): error C2143: syntax error: missing '{' before '*'
D:\IPCA\Estruturas de dados avançada\Projeto_EDA\Projeto_EDA\Cliente.h(48,11): error C2143: syntax error: missing '{' before '*'
D:\IPCA\Estruturas de dados avançada\Projeto_EDA\Projeto_EDA\Cliente.h(50,43): error C2143: syntax error: missing ')' before '*'
D:\IPCA\Estruturas de dados avançada\Projeto_EDA\Projeto_EDA\Cliente.h(50,43): error C2081: 'ClientList': name in formal parameter list illegal
D:\IPCA\Estruturas de dados avançada\Projeto_EDA\Projeto_EDA\Cliente.h(50,43): error C2143: syntax error: missing '{' before '*'
D:\IPCA\Estruturas de dados avançada\Projeto_EDA\Projeto_EDA\Cliente.h(50,55): error C2059: syntax error: ')'
D:\IPCA\Estruturas de dados avançada\Projeto_EDA\Projeto_EDA\Cliente.h(52,11): error C2143: syntax error: missing '{' before '*'
D:\IPCA\Estruturas de dados avançada\Projeto_EDA\Projeto_EDA\Cliente.h(52,33): error C2143: syntax error: missing ')' before '*'
D:\IPCA\Estruturas de dados avançada\Projeto_EDA\Projeto_EDA\Cliente.h(52,33): error C2143: syntax error: missing '{' before '*'
D:\IPCA\Estruturas de dados avançada\Projeto_EDA\Projeto_EDA\Cliente.h(52,47): error C2371: 'Client': redefinition; different basic types
D:\IPCA\Estruturas de dados avançada\Projeto_EDA\Projeto_EDA\Cliente.h(35,3): message : see declaration of 'Client'
D:\IPCA\Estruturas de dados avançada\Projeto_EDA\Projeto_EDA\Cliente.h(52,54): error C2146: syntax error: missing ';' before identifier 'newClient'
D:\IPCA\Estruturas de dados avançada\Projeto_EDA\Projeto_EDA\Cliente.h(52,63): error C2059: syntax error: ')'
D:\IPCA\Estruturas de dados avançada\Projeto_EDA\Projeto_EDA\Cliente.h(54,29): error C2143: syntax error: missing ')' before '*'
D:\IPCA\Estruturas de dados avançada\Projeto_EDA\Projeto_EDA\Cliente.h(54,29): error C2143: syntax error: missing '{' before '*'
D:\IPCA\Estruturas de dados avançada\Projeto_EDA\Projeto_EDA\Cliente.h(54,47): error C2059: syntax error: 'type'
D:\IPCA\Estruturas de dados avançada\Projeto_EDA\Projeto_EDA\Cliente.h(54,49): error C2059: syntax error: ')'
D:\IPCA\Estruturas de dados avançada\Projeto_EDA\Projeto_EDA\Cliente.h(56,27): error C2143: syntax error: missing ')' before '*'
D:\IPCA\Estruturas de dados avançada\Projeto_EDA\Projeto_EDA\Cliente.h(56,27): error C2143: syntax error: missing '{' before '*'
D:\IPCA\Estruturas de dados avançada\Projeto_EDA\Projeto_EDA\Cliente.h(56,41): error C2371: 'Client': redefinition; different basic types
D:\IPCA\Estruturas de dados avançada\Projeto_EDA\Projeto_EDA\Cliente.h(35,3): message : see declaration of 'Client'
D:\IPCA\Estruturas de dados avançada\Projeto_EDA\Projeto_EDA\Cliente.h(56,48): error C2146: syntax error: missing ';' before identifier 'selectedClient'
D:\IPCA\Estruturas de dados avançada\Projeto_EDA\Projeto_EDA\Cliente.h(56,62): error C2059: syntax error: ')'
D:\IPCA\Estruturas de dados avançada\Projeto_EDA\Projeto_EDA\Cliente.h(58,11): error C2143: syntax error: missing '{' before '*'
D:\IPCA\Estruturas de dados avançada\Projeto_EDA\Projeto_EDA\Cliente.h(58,33): error C2143: syntax error: missing ')' before '*'
D:\IPCA\Estruturas de dados avançada\Projeto_EDA\Projeto_EDA\Cliente.h(58,33): error C2143: syntax error: missing '{' before '*'
D:\IPCA\Estruturas de dados avançada\Projeto_EDA\Projeto_EDA\Cliente.h(58,45): error C2059: syntax error: ')'
D:\IPCA\Estruturas de dados avançada\Projeto_EDA\Projeto_EDA\Cliente.h(60,30): error C2143: syntax error: missing ')' before '*'
D:\IPCA\Estruturas de dados avançada\Projeto_EDA\Projeto_EDA\Cliente.h(60,30): error C2143: syntax error: missing '{' before '*'
D:\IPCA\Estruturas de dados avançada\Projeto_EDA\Projeto_EDA\Cliente.h(60,48): error C2059: syntax error: 'type'
D:\IPCA\Estruturas de dados avançada\Projeto_EDA\Projeto_EDA\Cliente.h(60,50): error C2059: syntax error: ')'
D:\IPCA\Estruturas de dados avançada\Projeto_EDA\Projeto_EDA\Cliente.h(62,28): error C2143: syntax error: missing ')' before '*'
D:\IPCA\Estruturas de dados avançada\Projeto_EDA\Projeto_EDA\Cliente.h(62,28): error C2143: syntax error: missing '{' before '*'
D:\IPCA\Estruturas de dados avançada\Projeto_EDA\Projeto_EDA\Cliente.h(62,40): error C2059: syntax error: ')'
D:\IPCA\Estruturas de dados avançada\Projeto_EDA\Projeto_EDA\Cliente.c(31,11): error C2143: syntax error: missing '{' before '*'
D:\IPCA\Estruturas de dados avançada\Projeto_EDA\Projeto_EDA\Cliente.c(31,42): error C2143: syntax error: missing ')' before '*'
D:\IPCA\Estruturas de dados avançada\Projeto_EDA\Projeto_EDA\Cliente.c(31,42): error C2143: syntax error: missing '{' before '*'
D:\IPCA\Estruturas de dados avançada\Projeto_EDA\Projeto_EDA\Cliente.c(31,60): error C2059: syntax error: 'type'
D:\IPCA\Estruturas de dados avançada\Projeto_EDA\Projeto_EDA\Cliente.c(31,97): error C2059: syntax error: ')'
D:\IPCA\Estruturas de dados avançada\Projeto_EDA\Projeto_EDA\Cliente.c(39,11): error C2143: syntax error: missing '{' before '*'
D:\IPCA\Estruturas de dados avançada\Projeto_EDA\Projeto_EDA\Cliente.c(41,12): error C2065: 'ClientList': undeclared identifier
D:\IPCA\Estruturas de dados avançada\Projeto_EDA\Projeto_EDA\Cliente.c(41,12): error C2297: '*': not valid as right operand has type 'int *'
D:\IPCA\Estruturas de dados avançada\Projeto_EDA\Projeto_EDA\Cliente.c(51,13): error C2065: 'ClientList': undeclared identifier
D:\IPCA\Estruturas de dados avançada\Projeto_EDA\Projeto_EDA\Cliente.c(51,38): error C2065: 'ClientList': undeclared identifier
D:\IPCA\Estruturas de dados avançada\Projeto_EDA\Projeto_EDA\Cliente.c(51,39): error C2059: syntax error: ')'
D:\IPCA\Estruturas de dados avançada\Projeto_EDA\Projeto_EDA\Cliente.c(53,24): warning C4047: '==': 'int' differs in levels of indirection from 'void *'
D:\IPCA\Estruturas de dados avançada\Projeto_EDA\Projeto_EDA\Cliente.c(61,14): error C2223: left of '->c' must point to struct/union
D:\IPCA\Estruturas de dados avançada\Projeto_EDA\Projeto_EDA\Cliente.c(64,23): error C2223: left of '->c' must point to struct/union
D:\IPCA\Estruturas de dados avançada\Projeto_EDA\Projeto_EDA\Cliente.c(64,49): warning C4047: 'function': 'char *' differs in levels of indirection from 'int'
D:\IPCA\Estruturas de dados avançada\Projeto_EDA\Projeto_EDA\Cliente.c(64,31): warning C4024: 'strcpy_s': different types for formal and actual parameter 1
D:\IPCA\Estruturas de dados avançada\Projeto_EDA\Projeto_EDA\Cliente.c(64,55): warning C4047: 'function': 'rsize_t' differs in levels of indirection from 'char *'
D:\IPCA\Estruturas de dados avançada\Projeto_EDA\Projeto_EDA\Cliente.c(64,51): warning C4024: 'strcpy_s': different types for formal and actual parameter 2
D:\IPCA\Estruturas de dados avançada\Projeto_EDA\Projeto_EDA\Cliente.c(64,3): error C2198: 'strcpy_s': too few arguments for call
D:\IPCA\Estruturas de dados avançada\Projeto_EDA\Projeto_EDA\Cliente.c(67,23): error C2223: left of '->c' must point to struct/union
D:\IPCA\Estruturas de dados avançada\Projeto_EDA\Projeto_EDA\Cliente.c(67,55): warning C4047: 'function': 'char *' differs in levels of indirection from 'int'
D:\IPCA\Estruturas de dados avançada\Projeto_EDA\Projeto_EDA\Cliente.c(67,34): warning C4024: 'strcpy_s': different types for formal and actual parameter 1
D:\IPCA\Estruturas de dados avançada\Projeto_EDA\Projeto_EDA\Cliente.c(67,61): warning C4047: 'function': 'rsize_t' differs in levels of indirection from 'char *'
D:\IPCA\Estruturas de dados avançada\Projeto_EDA\Projeto_EDA\Cliente.c(67,57): warning C4024: 'strcpy_s': different types for formal and actual parameter 2
D:\IPCA\Estruturas de dados avançada\Projeto_EDA\Projeto_EDA\Cliente.c(67,3): error C2198: 'strcpy_s': too few arguments for call
D:\IPCA\Estruturas de dados avançada\Projeto_EDA\Projeto_EDA\Cliente.c(70,23): error C2223: left of '->c' must point to struct/union
D:\IPCA\Estruturas de dados avançada\Projeto_EDA\Projeto_EDA\Cliente.c(70,47): warning C4047: 'function': 'char *' differs in levels of indirection from 'int'
D:\IPCA\Estruturas de dados avançada\Projeto_EDA\Projeto_EDA\Cliente.c(70,30): warning C4024: 'strcpy_s': different types for formal and actual parameter 1
D:\IPCA\Estruturas de dados avançada\Projeto_EDA\Projeto_EDA\Cliente.c(70,53): warning C4047: 'function': 'rsize_t' differs in levels of indirection from 'char *'
D:\IPCA\Estruturas de dados avançada\Projeto_EDA\Projeto_EDA\Cliente.c(70,49): warning C4024: 'strcpy_s': different types for formal and actual parameter 2
D:\IPCA\Estruturas de dados avançada\Projeto_EDA\Projeto_EDA\Cliente.c(70,3): error C2198: 'strcpy_s': too few arguments for call
D:\IPCA\Estruturas de dados avançada\Projeto_EDA\Projeto_EDA\Cliente.c(73,14): error C2223: left of '->c' must point to struct/union
D:\IPCA\Estruturas de dados avançada\Projeto_EDA\Projeto_EDA\Cliente.c(76,14): error C2223: left of '->c' must point to struct/union
D:\IPCA\Estruturas de dados avançada\Projeto_EDA\Projeto_EDA\Cliente.c(78,14): error C2223: left of '->next' must point to struct/union
D:\IPCA\Estruturas de dados avançada\Projeto_EDA\Projeto_EDA\Cliente.c(79,25): warning C4047: '=': 'int *' differs in levels of indirection from 'int'
D:\IPCA\Estruturas de dados avançada\Projeto_EDA\Projeto_EDA\Cliente.c(43,9): error C4996: 'fopen': This function or variable may be unsafe. Consider using fopen_s instead. To disable deprecation, use _CRT_SECURE_NO_WARNINGS. See online help for details.
D:\IPCA\Estruturas de dados avançada\Projeto_EDA\Projeto_EDA\Cliente.c(88,11): error C2143: syntax error: missing '{' before '*'
D:\IPCA\Estruturas de dados avançada\Projeto_EDA\Projeto_EDA\Cliente.c(90,12): error C2065: 'ClientList': undeclared identifier
D:\IPCA\Estruturas de dados avançada\Projeto_EDA\Projeto_EDA\Cliente.c(90,12): error C2297: '*': not valid as right operand has type 'int *'
D:\IPCA\Estruturas de dados avançada\Projeto_EDA\Projeto_EDA\Cliente.c(102,13): error C2065: 'ClientList': undeclared identifier
D:\IPCA\Estruturas de dados avançada\Projeto_EDA\Projeto_EDA\Cliente.c(102,38): error C2065: 'ClientList': undeclared identifier
D:\IPCA\Estruturas de dados avançada\Projeto_EDA\Projeto_EDA\Cliente.c(102,39): error C2059: syntax error: ')'
D:\IPCA\Estruturas de dados avançada\Projeto_EDA\Projeto_EDA\Cliente.c(104,24): warning C4047: '==': 'int' differs in levels of indirection from 'void *'
D:\IPCA\Estruturas de dados avançada\Projeto_EDA\Projeto_EDA\Cliente.c(109,14): error C2223: left of '->c' must point to struct/union
D:\IPCA\Estruturas de dados avançada\Projeto_EDA\Projeto_EDA\Cliente.c(111,21): error C2223: left of '->c' must point to struct/union
D:\IPCA\Estruturas de dados avançada\Projeto_EDA\Projeto_EDA\Cliente.c(111,3): error C2198: 'strcpy': too few arguments for call
D:\IPCA\Estruturas de dados avançada\Projeto_EDA\Projeto_EDA\Cliente.c(112,21): error C2223: left of '->c' must point to struct/union
D:\IPCA\Estruturas de dados avançada\Projeto_EDA\Projeto_EDA\Cliente.c(112,3): error C2198: 'strcpy': too few arguments for call
D:\IPCA\Estruturas de dados avançada\Projeto_EDA\Projeto_EDA\Cliente.c(113,21): error C2223: left of '->c' must point to struct/union
D:\IPCA\Estruturas de dados avançada\Projeto_EDA\Projeto_EDA\Cliente.c(113,3): error C2198: 'strcpy': too few arguments for call
D:\IPCA\Estruturas de dados avançada\Projeto_EDA\Projeto_EDA\Cliente.c(114,14): error C2223: left of '->c' must point to struct/union
D:\IPCA\Estruturas de dados avançada\Projeto_EDA\Projeto_EDA\Cliente.c(115,14): error C2223: left of '->c' must point to struct/union
D:\IPCA\Estruturas de dados avançada\Projeto_EDA\Projeto_EDA\Cliente.c(116,14): error C2223: left of '->next' must point to struct/union
D:\IPCA\Estruturas de dados avançada\Projeto_EDA\Projeto_EDA\Cliente.c(117,25): warning C4047: '=': 'int *' differs in levels of indirection from 'int'
D:\IPCA\Estruturas de dados avançada\Projeto_EDA\Projeto_EDA\Cliente.c(91,9): error C4996: 'fopen': This function or variable may be unsafe. Consider using fopen_s instead. To disable deprecation, use _CRT_SECURE_NO_WARNINGS. See online help for details.
D:\IPCA\Estruturas de dados avançada\Projeto_EDA\Projeto_EDA\Cliente.c(111,3): error C4996: 'strcpy': This function or variable may be unsafe. Consider using strcpy_s instead. To disable deprecation, use _CRT_SECURE_NO_WARNINGS. See online help for details.
D:\IPCA\Estruturas de dados avançada\Projeto_EDA\Projeto_EDA\Cliente.c(112,3): error C4996: 'strcpy': This function or variable may be unsafe. Consider using strcpy_s instead. To disable deprecation, use _CRT_SECURE_NO_WARNINGS. See online help for details.
D:\IPCA\Estruturas de dados avançada\Projeto_EDA\Projeto_EDA\Cliente.c(113,3): error C4996: 'strcpy': This function or variable may be unsafe. Consider using strcpy_s instead. To disable deprecation, use _CRT_SECURE_NO_WARNINGS. See online help for details.
D:\IPCA\Estruturas de dados avançada\Projeto_EDA\Projeto_EDA\Cliente.c(127,43): error C2143: syntax error: missing ')' before '*'
D:\IPCA\Estruturas de dados avançada\Projeto_EDA\Projeto_EDA\Cliente.c(127,43): error C2081: 'ClientList': name in formal parameter list illegal
D:\IPCA\Estruturas de dados avançada\Projeto_EDA\Projeto_EDA\Cliente.c(127,43): error C2143: syntax error: missing '{' before '*'
D:\IPCA\Estruturas de dados avançada\Projeto_EDA\Projeto_EDA\Cliente.c(127,55): error C2059: syntax error: ')'
D:\IPCA\Estruturas de dados avançada\Projeto_EDA\Projeto_EDA\Cliente.c(127,56): error C2054: expected '(' to follow 'lastClient'
D:\IPCA\Estruturas de dados avançada\Projeto_EDA\Projeto_EDA\Cliente.c(149,11): error C2143: syntax error: missing '{' before '*'
D:\IPCA\Estruturas de dados avançada\Projeto_EDA\Projeto_EDA\Cliente.c(149,33): error C2143: syntax error: missing ')' before '*'
D:\IPCA\Estruturas de dados avançada\Projeto_EDA\Projeto_EDA\Cliente.c(149,33): error C2143: syntax error: missing '{' before '*'
D:\IPCA\Estruturas de dados avançada\Projeto_EDA\Projeto_EDA\Cliente.c(149,47): error C2371: 'Client': redefinition; different basic types
D:\IPCA\Estruturas de dados avançada\Projeto_EDA\Projeto_EDA\Cliente.h(35,3): message : see declaration of 'Client'
D:\IPCA\Estruturas de dados avançada\Projeto_EDA\Projeto_EDA\Cliente.c(149,54): error C2146: syntax error: missing ';' before identifier 'newClient'
D:\IPCA\Estruturas de dados avançada\Projeto_EDA\Projeto_EDA\Cliente.c(149,63): error C2059: syntax error: ')'
D:\IPCA\Estruturas de dados avançada\Projeto_EDA\Projeto_EDA\Cliente.c(149,65): error C2054: expected '(' to follow 'newClient'
D:\IPCA\Estruturas de dados avançada\Projeto_EDA\Projeto_EDA\Cliente.c(170,29): error C2143: syntax error: missing ')' before '*'
D:\IPCA\Estruturas de dados avançada\Projeto_EDA\Projeto_EDA\Cliente.c(170,29): error C2143: syntax error: missing '{' before '*'
D:\IPCA\Estruturas de dados avançada\Projeto_EDA\Projeto_EDA\Cliente.c(170,47): error C2059: syntax error: 'type'
D:\IPCA\Estruturas de dados avançada\Projeto_EDA\Projeto_EDA\Cliente.c(170,49): error C2059: syntax error: ')'
D:\IPCA\Estruturas de dados avançada\Projeto_EDA\Projeto_EDA\Cliente.c(185,27): error C2143: syntax error: missing ')' before '*'
D:\IPCA\Estruturas de dados avançada\Projeto_EDA\Projeto_EDA\Cliente.c(185,27): error C2143: syntax error: missing '{' before '*'
D:\IPCA\Estruturas de dados avançada\Projeto_EDA\Projeto_EDA\Cliente.c(185,40): error C2371: 'Client': redefinition; different basic types
D:\IPCA\Estruturas de dados avançada\Projeto_EDA\Projeto_EDA\Cliente.h(35,3): message : see declaration of 'Client'
D:\IPCA\Estruturas de dados avançada\Projeto_EDA\Projeto_EDA\Cliente.c(185,47): error C2146: syntax error: missing ';' before identifier 'selectedClient'
D:\IPCA\Estruturas de dados avançada\Projeto_EDA\Projeto_EDA\Cliente.c(185,61): error C2059: syntax error: ')'
D:\IPCA\Estruturas de dados avançada\Projeto_EDA\Projeto_EDA\Cliente.c(185,62): error C2054: expected '(' to follow 'selectedClient'
D:\IPCA\Estruturas de dados avançada\Projeto_EDA\Projeto_EDA\Cliente.c(185,62): fatal  error C1003: error count exceeds 100; stopping compilation
  Main.c
D:\IPCA\Estruturas de dados avançada\Projeto_EDA\Projeto_EDA\Utility.h(36,37): error C2143: syntax error: missing ')' before '*'
D:\IPCA\Estruturas de dados avançada\Projeto_EDA\Projeto_EDA\Utility.h(36,37): error C2143: syntax error: missing '{' before '*'
D:\IPCA\Estruturas de dados avançada\Projeto_EDA\Projeto_EDA\Utility.h(36,50): error C2059: syntax error: ')'
D:\IPCA\Estruturas de dados avançada\Projeto_EDA\Projeto_EDA\Cliente.h(39,2): error C2061: syntax error: identifier 'ClientList'
D:\IPCA\Estruturas de dados avançada\Projeto_EDA\Projeto_EDA\Cliente.h(40,1): error C2059: syntax error: '}'
D:\IPCA\Estruturas de dados avançada\Projeto_EDA\Projeto_EDA\Cliente.h(44,11): error C2143: syntax error: missing '{' before '*'
D:\IPCA\Estruturas de dados avançada\Projeto_EDA\Projeto_EDA\Cliente.h(44,42): error C2143: syntax error: missing ')' before '*'
D:\IPCA\Estruturas de dados avançada\Projeto_EDA\Projeto_EDA\Cliente.h(44,42): error C2143: syntax error: missing '{' before '*'
D:\IPCA\Estruturas de dados avançada\Projeto_EDA\Projeto_EDA\Cliente.h(44,60): error C2059: syntax error: 'type'
D:\IPCA\Estruturas de dados avançada\Projeto_EDA\Projeto_EDA\Cliente.h(44,97): error C2059: syntax error: ')'
D:\IPCA\Estruturas de dados avançada\Projeto_EDA\Projeto_EDA\Cliente.h(46,11): error C2143: syntax error: missing '{' before '*'
D:\IPCA\Estruturas de dados avançada\Projeto_EDA\Projeto_EDA\Cliente.h(48,11): error C2143: syntax error: missing '{' before '*'
D:\IPCA\Estruturas de dados avançada\Projeto_EDA\Projeto_EDA\Cliente.h(50,43): error C2143: syntax error: missing ')' before '*'
D:\IPCA\Estruturas de dados avançada\Projeto_EDA\Projeto_EDA\Cliente.h(50,43): error C2081: 'ClientList': name in formal parameter list illegal
D:\IPCA\Estruturas de dados avançada\Projeto_EDA\Projeto_EDA\Cliente.h(50,43): error C2143: syntax error: missing '{' before '*'
D:\IPCA\Estruturas de dados avançada\Projeto_EDA\Projeto_EDA\Cliente.h(50,55): error C2059: syntax error: ')'
D:\IPCA\Estruturas de dados avançada\Projeto_EDA\Projeto_EDA\Cliente.h(52,11): error C2143: syntax error: missing '{' before '*'
D:\IPCA\Estruturas de dados avançada\Projeto_EDA\Projeto_EDA\Cliente.h(52,33): error C2143: syntax error: missing ')' before '*'
D:\IPCA\Estruturas de dados avançada\Projeto_EDA\Projeto_EDA\Cliente.h(52,33): error C2143: syntax error: missing '{' before '*'
D:\IPCA\Estruturas de dados avançada\Projeto_EDA\Projeto_EDA\Cliente.h(52,47): error C2371: 'Client': redefinition; different basic types
D:\IPCA\Estruturas de dados avançada\Projeto_EDA\Projeto_EDA\Cliente.h(35,3): message : see declaration of 'Client'
D:\IPCA\Estruturas de dados avançada\Projeto_EDA\Projeto_EDA\Cliente.h(52,54): error C2146: syntax error: missing ';' before identifier 'newClient'
D:\IPCA\Estruturas de dados avançada\Projeto_EDA\Projeto_EDA\Cliente.h(52,63): error C2059: syntax error: ')'
D:\IPCA\Estruturas de dados avançada\Projeto_EDA\Projeto_EDA\Cliente.h(54,29): error C2143: syntax error: missing ')' before '*'
D:\IPCA\Estruturas de dados avançada\Projeto_EDA\Projeto_EDA\Cliente.h(54,29): error C2143: syntax error: missing '{' before '*'
D:\IPCA\Estruturas de dados avançada\Projeto_EDA\Projeto_EDA\Cliente.h(54,47): error C2059: syntax error: 'type'
D:\IPCA\Estruturas de dados avançada\Projeto_EDA\Projeto_EDA\Cliente.h(54,49): error C2059: syntax error: ')'
D:\IPCA\Estruturas de dados avançada\Projeto_EDA\Projeto_EDA\Cliente.h(56,27): error C2143: syntax error: missing ')' before '*'
D:\IPCA\Estruturas de dados avançada\Projeto_EDA\Projeto_EDA\Cliente.h(56,27): error C2143: syntax error: missing '{' before '*'
D:\IPCA\Estruturas de dados avançada\Projeto_EDA\Projeto_EDA\Cliente.h(56,41): error C2371: 'Client': redefinition; different basic types
D:\IPCA\Estruturas de dados avançada\Projeto_EDA\Projeto_EDA\Cliente.h(35,3): message : see declaration of 'Client'
D:\IPCA\Estruturas de dados avançada\Projeto_EDA\Projeto_EDA\Cliente.h(56,48): error C2146: syntax error: missing ';' before identifier 'selectedClient'
D:\IPCA\Estruturas de dados avançada\Projeto_EDA\Projeto_EDA\Cliente.h(56,62): error C2059: syntax error: ')'
D:\IPCA\Estruturas de dados avançada\Projeto_EDA\Projeto_EDA\Cliente.h(58,11): error C2143: syntax error: missing '{' before '*'
D:\IPCA\Estruturas de dados avançada\Projeto_EDA\Projeto_EDA\Cliente.h(58,33): error C2143: syntax error: missing ')' before '*'
D:\IPCA\Estruturas de dados avançada\Projeto_EDA\Projeto_EDA\Cliente.h(58,33): error C2143: syntax error: missing '{' before '*'
D:\IPCA\Estruturas de dados avançada\Projeto_EDA\Projeto_EDA\Cliente.h(58,45): error C2059: syntax error: ')'
D:\IPCA\Estruturas de dados avançada\Projeto_EDA\Projeto_EDA\Cliente.h(60,30): error C2143: syntax error: missing ')' before '*'
D:\IPCA\Estruturas de dados avançada\Projeto_EDA\Projeto_EDA\Cliente.h(60,30): error C2143: syntax error: missing '{' before '*'
D:\IPCA\Estruturas de dados avançada\Projeto_EDA\Projeto_EDA\Cliente.h(60,48): error C2059: syntax error: 'type'
D:\IPCA\Estruturas de dados avançada\Projeto_EDA\Projeto_EDA\Cliente.h(60,50): error C2059: syntax error: ')'
D:\IPCA\Estruturas de dados avançada\Projeto_EDA\Projeto_EDA\Cliente.h(62,28): error C2143: syntax error: missing ')' before '*'
D:\IPCA\Estruturas de dados avançada\Projeto_EDA\Projeto_EDA\Cliente.h(62,28): error C2143: syntax error: missing '{' before '*'
D:\IPCA\Estruturas de dados avançada\Projeto_EDA\Projeto_EDA\Cliente.h(62,40): error C2059: syntax error: ')'
D:\IPCA\Estruturas de dados avançada\Projeto_EDA\Projeto_EDA\Vehicle.h(44,2): error C2061: syntax error: identifier 'VehicleList'
D:\IPCA\Estruturas de dados avançada\Projeto_EDA\Projeto_EDA\Vehicle.h(45,1): error C2059: syntax error: '}'
D:\IPCA\Estruturas de dados avançada\Projeto_EDA\Projeto_EDA\Vehicle.h(49,12): error C2143: syntax error: missing '{' before '*'
D:\IPCA\Estruturas de dados avançada\Projeto_EDA\Projeto_EDA\Vehicle.h(51,12): error C2143: syntax error: missing '{' before '*'
D:\IPCA\Estruturas de dados avançada\Projeto_EDA\Projeto_EDA\Vehicle.h(53,12): error C2143: syntax error: missing '{' before '*'
D:\IPCA\Estruturas de dados avançada\Projeto_EDA\Projeto_EDA\Vehicle.h(55,45): error C2143: syntax error: missing ')' before '*'
D:\IPCA\Estruturas de dados avançada\Projeto_EDA\Projeto_EDA\Vehicle.h(55,45): error C2081: 'VehicleList': name in formal parameter list illegal
D:\IPCA\Estruturas de dados avançada\Projeto_EDA\Projeto_EDA\Vehicle.h(55,45): error C2143: syntax error: missing '{' before '*'
D:\IPCA\Estruturas de dados avançada\Projeto_EDA\Projeto_EDA\Vehicle.h(55,59): error C2059: syntax error: ')'
D:\IPCA\Estruturas de dados avançada\Projeto_EDA\Projeto_EDA\Vehicle.h(57,12): error C2143: syntax error: missing '{' before '*'
D:\IPCA\Estruturas de dados avançada\Projeto_EDA\Projeto_EDA\Vehicle.h(57,36): error C2143: syntax error: missing ')' before '*'
D:\IPCA\Estruturas de dados avançada\Projeto_EDA\Projeto_EDA\Vehicle.h(57,36): error C2143: syntax error: missing '{' before '*'
D:\IPCA\Estruturas de dados avançada\Projeto_EDA\Projeto_EDA\Vehicle.h(57,52): error C2371: 'Vehicle': redefinition; different basic types
D:\IPCA\Estruturas de dados avançada\Projeto_EDA\Projeto_EDA\Vehicle.h(40,2): message : see declaration of 'Vehicle'
D:\IPCA\Estruturas de dados avançada\Projeto_EDA\Projeto_EDA\Vehicle.h(57,60): error C2146: syntax error: missing ';' before identifier 'newVehicle'
D:\IPCA\Estruturas de dados avançada\Projeto_EDA\Projeto_EDA\Vehicle.h(57,70): error C2059: syntax error: ')'
D:\IPCA\Estruturas de dados avançada\Projeto_EDA\Projeto_EDA\Vehicle.h(59,31): error C2143: syntax error: missing ')' before '*'
D:\IPCA\Estruturas de dados avançada\Projeto_EDA\Projeto_EDA\Vehicle.h(59,31): error C2143: syntax error: missing '{' before '*'
D:\IPCA\Estruturas de dados avançada\Projeto_EDA\Projeto_EDA\Vehicle.h(59,51): error C2059: syntax error: 'type'
D:\IPCA\Estruturas de dados avançada\Projeto_EDA\Projeto_EDA\Vehicle.h(59,53): error C2059: syntax error: ')'
D:\IPCA\Estruturas de dados avançada\Projeto_EDA\Projeto_EDA\Vehicle.h(61,29): error C2143: syntax error: missing ')' before '*'
D:\IPCA\Estruturas de dados avançada\Projeto_EDA\Projeto_EDA\Vehicle.h(61,29): error C2143: syntax error: missing '{' before '*'
D:\IPCA\Estruturas de dados avançada\Projeto_EDA\Projeto_EDA\Vehicle.h(61,45): error C2371: 'Vehicle': redefinition; different basic types
D:\IPCA\Estruturas de dados avançada\Projeto_EDA\Projeto_EDA\Vehicle.h(40,2): message : see declaration of 'Vehicle'
D:\IPCA\Estruturas de dados avançada\Projeto_EDA\Projeto_EDA\Vehicle.h(61,53): error C2146: syntax error: missing ';' before identifier 'selectedVehicle'
D:\IPCA\Estruturas de dados avançada\Projeto_EDA\Projeto_EDA\Vehicle.h(61,68): error C2059: syntax error: ')'
D:\IPCA\Estruturas de dados avançada\Projeto_EDA\Projeto_EDA\Vehicle.h(65,12): error C2143: syntax error: missing '{' before '*'
D:\IPCA\Estruturas de dados avançada\Projeto_EDA\Projeto_EDA\Vehicle.h(65,42): error C2143: syntax error: missing ')' before '*'
D:\IPCA\Estruturas de dados avançada\Projeto_EDA\Projeto_EDA\Vehicle.h(65,42): error C2143: syntax error: missing '{' before '*'
D:\IPCA\Estruturas de dados avançada\Projeto_EDA\Projeto_EDA\Vehicle.h(65,56): error C2059: syntax error: ')'
D:\IPCA\Estruturas de dados avançada\Projeto_EDA\Projeto_EDA\Vehicle.h(67,12): error C2143: syntax error: missing '{' before '*'
D:\IPCA\Estruturas de dados avançada\Projeto_EDA\Projeto_EDA\Vehicle.h(67,48): error C2143: syntax error: missing ')' before '*'
D:\IPCA\Estruturas de dados avançada\Projeto_EDA\Projeto_EDA\Vehicle.h(67,48): error C2143: syntax error: missing '{' before '*'
D:\IPCA\Estruturas de dados avançada\Projeto_EDA\Projeto_EDA\Vehicle.h(67,62): error C2059: syntax error: ')'
D:\IPCA\Estruturas de dados avançada\Projeto_EDA\Projeto_EDA\Vehicle.h(69,12): error C2143: syntax error: missing '{' before '*'
D:\IPCA\Estruturas de dados avançada\Projeto_EDA\Projeto_EDA\Vehicle.h(69,49): error C2143: syntax error: missing ')' before '*'
D:\IPCA\Estruturas de dados avançada\Projeto_EDA\Projeto_EDA\Vehicle.h(69,49): error C2143: syntax error: missing '{' before '*'
D:\IPCA\Estruturas de dados avançada\Projeto_EDA\Projeto_EDA\Vehicle.h(69,69): error C2059: syntax error: 'type'
D:\IPCA\Estruturas de dados avançada\Projeto_EDA\Projeto_EDA\Vehicle.h(69,79): error C2059: syntax error: ')'
D:\IPCA\Estruturas de dados avançada\Projeto_EDA\Projeto_EDA\Vehicle.h(71,12): error C2143: syntax error: missing '{' before '*'
D:\IPCA\Estruturas de dados avançada\Projeto_EDA\Projeto_EDA\Vehicle.h(71,43): error C2143: syntax error: missing ')' before '*'
D:\IPCA\Estruturas de dados avançada\Projeto_EDA\Projeto_EDA\Vehicle.h(71,43): error C2143: syntax error: missing '{' before '*'
D:\IPCA\Estruturas de dados avançada\Projeto_EDA\Projeto_EDA\Vehicle.h(71,63): error C2059: syntax error: 'type'
D:\IPCA\Estruturas de dados avançada\Projeto_EDA\Projeto_EDA\Vehicle.h(71,65): error C2059: syntax error: ')'
D:\IPCA\Estruturas de dados avançada\Projeto_EDA\Projeto_EDA\Vehicle.h(73,36): error C2143: syntax error: missing ')' before '*'
D:\IPCA\Estruturas de dados avançada\Projeto_EDA\Projeto_EDA\Vehicle.h(73,36): error C2143: syntax error: missing '{' before '*'
D:\IPCA\Estruturas de dados avançada\Projeto_EDA\Projeto_EDA\Vehicle.h(73,50): error C2059: syntax error: ')'
D:\IPCA\Estruturas de dados avançada\Projeto_EDA\Projeto_EDA\Manager.h(33,2): error C2061: syntax error: identifier 'ManagerList'
D:\IPCA\Estruturas de dados avançada\Projeto_EDA\Projeto_EDA\Manager.h(34,1): error C2059: syntax error: '}'
D:\IPCA\Estruturas de dados avançada\Projeto_EDA\Projeto_EDA\Manager.h(36,30): error C2143: syntax error: missing ')' before '*'
D:\IPCA\Estruturas de dados avançada\Projeto_EDA\Projeto_EDA\Manager.h(36,30): error C2143: syntax error: missing '{' before '*'
D:\IPCA\Estruturas de dados avançada\Projeto_EDA\Projeto_EDA\Manager.h(36,44): error C2059: syntax error: ')'
D:\IPCA\Estruturas de dados avançada\Projeto_EDA\Projeto_EDA\Manager.h(38,12): error C2143: syntax error: missing '{' before '*'
D:\IPCA\Estruturas de dados avançada\Projeto_EDA\Projeto_EDA\Manager.h(38,45): error C2143: syntax error: missing ')' before '*'
D:\IPCA\Estruturas de dados avançada\Projeto_EDA\Projeto_EDA\Manager.h(38,45): error C2143: syntax error: missing '{' before '*'
D:\IPCA\Estruturas de dados avançada\Projeto_EDA\Projeto_EDA\Manager.h(38,65): error C2059: syntax error: 'type'
D:\IPCA\Estruturas de dados avançada\Projeto_EDA\Projeto_EDA\Manager.h(38,102): error C2059: syntax error: ')'
D:\IPCA\Estruturas de dados avançada\Projeto_EDA\Projeto_EDA\Manager.h(40,12): error C2143: syntax error: missing '{' before '*'
D:\IPCA\Estruturas de dados avançada\Projeto_EDA\Projeto_EDA\Manager.h(42,12): error C2143: syntax error: missing '{' before '*'
D:\IPCA\Estruturas de dados avançada\Projeto_EDA\Projeto_EDA\Manager.h(44,45): error C2143: syntax error: missing ')' before '*'
D:\IPCA\Estruturas de dados avançada\Projeto_EDA\Projeto_EDA\Manager.h(44,45): error C2081: 'ManagerList': name in formal parameter list illegal
D:\IPCA\Estruturas de dados avançada\Projeto_EDA\Projeto_EDA\Manager.h(44,45): fatal  error C1003: error count exceeds 100; stopping compilation
  Manager.c
D:\IPCA\Estruturas de dados avançada\Projeto_EDA\Projeto_EDA\Utility.h(36,37): error C2143: syntax error: missing ')' before '*'
D:\IPCA\Estruturas de dados avançada\Projeto_EDA\Projeto_EDA\Utility.h(36,37): error C2143: syntax error: missing '{' before '*'
D:\IPCA\Estruturas de dados avançada\Projeto_EDA\Projeto_EDA\Utility.h(36,50): error C2059: syntax error: ')'
D:\IPCA\Estruturas de dados avançada\Projeto_EDA\Projeto_EDA\Manager.h(33,2): error C2061: syntax error: identifier 'ManagerList'
D:\IPCA\Estruturas de dados avançada\Projeto_EDA\Projeto_EDA\Manager.h(34,1): error C2059: syntax error: '}'
D:\IPCA\Estruturas de dados avançada\Projeto_EDA\Projeto_EDA\Manager.h(36,30): error C2143: syntax error: missing ')' before '*'
D:\IPCA\Estruturas de dados avançada\Projeto_EDA\Projeto_EDA\Manager.h(36,30): error C2143: syntax error: missing '{' before '*'
D:\IPCA\Estruturas de dados avançada\Projeto_EDA\Projeto_EDA\Manager.h(36,44): error C2059: syntax error: ')'
D:\IPCA\Estruturas de dados avançada\Projeto_EDA\Projeto_EDA\Manager.h(38,12): error C2143: syntax error: missing '{' before '*'
D:\IPCA\Estruturas de dados avançada\Projeto_EDA\Projeto_EDA\Manager.h(38,45): error C2143: syntax error: missing ')' before '*'
D:\IPCA\Estruturas de dados avançada\Projeto_EDA\Projeto_EDA\Manager.h(38,45): error C2143: syntax error: missing '{' before '*'
D:\IPCA\Estruturas de dados avançada\Projeto_EDA\Projeto_EDA\Manager.h(38,65): error C2059: syntax error: 'type'
D:\IPCA\Estruturas de dados avançada\Projeto_EDA\Projeto_EDA\Manager.h(38,102): error C2059: syntax error: ')'
D:\IPCA\Estruturas de dados avançada\Projeto_EDA\Projeto_EDA\Manager.h(40,12): error C2143: syntax error: missing '{' before '*'
D:\IPCA\Estruturas de dados avançada\Projeto_EDA\Projeto_EDA\Manager.h(42,12): error C2143: syntax error: missing '{' before '*'
D:\IPCA\Estruturas de dados avançada\Projeto_EDA\Projeto_EDA\Manager.h(44,45): error C2143: syntax error: missing ')' before '*'
D:\IPCA\Estruturas de dados avançada\Projeto_EDA\Projeto_EDA\Manager.h(44,45): error C2081: 'ManagerList': name in formal parameter list illegal
D:\IPCA\Estruturas de dados avançada\Projeto_EDA\Projeto_EDA\Manager.h(44,45): error C2143: syntax error: missing '{' before '*'
D:\IPCA\Estruturas de dados avançada\Projeto_EDA\Projeto_EDA\Manager.h(44,59): error C2059: syntax error: ')'
D:\IPCA\Estruturas de dados avançada\Projeto_EDA\Projeto_EDA\Manager.h(46,12): error C2143: syntax error: missing '{' before '*'
D:\IPCA\Estruturas de dados avançada\Projeto_EDA\Projeto_EDA\Manager.h(46,36): error C2143: syntax error: missing ')' before '*'
D:\IPCA\Estruturas de dados avançada\Projeto_EDA\Projeto_EDA\Manager.h(46,36): error C2143: syntax error: missing '{' before '*'
D:\IPCA\Estruturas de dados avançada\Projeto_EDA\Projeto_EDA\Manager.h(46,52): error C2371: 'Manager': redefinition; different basic types
D:\IPCA\Estruturas de dados avançada\Projeto_EDA\Projeto_EDA\Manager.h(29,2): message : see declaration of 'Manager'
D:\IPCA\Estruturas de dados avançada\Projeto_EDA\Projeto_EDA\Manager.h(46,60): error C2146: syntax error: missing ';' before identifier 'newManager'
D:\IPCA\Estruturas de dados avançada\Projeto_EDA\Projeto_EDA\Manager.h(46,70): error C2059: syntax error: ')'
D:\IPCA\Estruturas de dados avançada\Projeto_EDA\Projeto_EDA\Manager.h(48,31): error C2143: syntax error: missing ')' before '*'
D:\IPCA\Estruturas de dados avançada\Projeto_EDA\Projeto_EDA\Manager.h(48,31): error C2143: syntax error: missing '{' before '*'
D:\IPCA\Estruturas de dados avançada\Projeto_EDA\Projeto_EDA\Manager.h(48,51): error C2059: syntax error: 'type'
D:\IPCA\Estruturas de dados avançada\Projeto_EDA\Projeto_EDA\Manager.h(48,53): error C2059: syntax error: ')'
D:\IPCA\Estruturas de dados avançada\Projeto_EDA\Projeto_EDA\Manager.h(50,29): error C2143: syntax error: missing ')' before '*'
D:\IPCA\Estruturas de dados avançada\Projeto_EDA\Projeto_EDA\Manager.h(50,29): error C2143: syntax error: missing '{' before '*'
D:\IPCA\Estruturas de dados avançada\Projeto_EDA\Projeto_EDA\Manager.h(50,45): error C2371: 'Manager': redefinition; different basic types
D:\IPCA\Estruturas de dados avançada\Projeto_EDA\Projeto_EDA\Manager.h(29,2): message : see declaration of 'Manager'
D:\IPCA\Estruturas de dados avançada\Projeto_EDA\Projeto_EDA\Manager.h(50,53): error C2146: syntax error: missing ';' before identifier 'selectedManager'
D:\IPCA\Estruturas de dados avançada\Projeto_EDA\Projeto_EDA\Manager.h(50,68): error C2059: syntax error: ')'
D:\IPCA\Estruturas de dados avançada\Projeto_EDA\Projeto_EDA\Manager.h(52,12): error C2143: syntax error: missing '{' before '*'
D:\IPCA\Estruturas de dados avançada\Projeto_EDA\Projeto_EDA\Manager.h(52,42): error C2143: syntax error: missing ')' before '*'
D:\IPCA\Estruturas de dados avançada\Projeto_EDA\Projeto_EDA\Manager.h(52,42): error C2143: syntax error: missing '{' before '*'
D:\IPCA\Estruturas de dados avançada\Projeto_EDA\Projeto_EDA\Manager.h(52,56): error C2059: syntax error: ')'
D:\IPCA\Estruturas de dados avançada\Projeto_EDA\Projeto_EDA\Manager.h(54,36): error C2143: syntax error: missing ')' before '*'
D:\IPCA\Estruturas de dados avançada\Projeto_EDA\Projeto_EDA\Manager.h(54,36): error C2143: syntax error: missing '{' before '*'
D:\IPCA\Estruturas de dados avançada\Projeto_EDA\Projeto_EDA\Manager.h(54,50): error C2059: syntax error: ')'
D:\IPCA\Estruturas de dados avançada\Projeto_EDA\Projeto_EDA\Manager.c(12,30): error C2143: syntax error: missing ')' before '*'
D:\IPCA\Estruturas de dados avançada\Projeto_EDA\Projeto_EDA\Manager.c(12,30): error C2143: syntax error: missing '{' before '*'
D:\IPCA\Estruturas de dados avançada\Projeto_EDA\Projeto_EDA\Manager.c(12,44): error C2059: syntax error: ')'
D:\IPCA\Estruturas de dados avançada\Projeto_EDA\Projeto_EDA\Manager.c(12,46): error C2054: expected '(' to follow 'firstManager'
D:\IPCA\Estruturas de dados avançada\Projeto_EDA\Projeto_EDA\Manager.c(25,12): error C2143: syntax error: missing '{' before '*'
D:\IPCA\Estruturas de dados avançada\Projeto_EDA\Projeto_EDA\Manager.c(25,45): error C2143: syntax error: missing ')' before '*'
D:\IPCA\Estruturas de dados avançada\Projeto_EDA\Projeto_EDA\Manager.c(25,45): error C2143: syntax error: missing '{' before '*'
D:\IPCA\Estruturas de dados avançada\Projeto_EDA\Projeto_EDA\Manager.c(25,65): error C2059: syntax error: 'type'
D:\IPCA\Estruturas de dados avançada\Projeto_EDA\Projeto_EDA\Manager.c(25,102): error C2059: syntax error: ')'
D:\IPCA\Estruturas de dados avançada\Projeto_EDA\Projeto_EDA\Manager.c(33,12): error C2143: syntax error: missing '{' before '*'
D:\IPCA\Estruturas de dados avançada\Projeto_EDA\Projeto_EDA\Manager.c(36,13): error C2065: 'ManagerList': undeclared identifier
D:\IPCA\Estruturas de dados avançada\Projeto_EDA\Projeto_EDA\Manager.c(36,13): error C2297: '*': not valid as right operand has type 'int *'
D:\IPCA\Estruturas de dados avançada\Projeto_EDA\Projeto_EDA\Manager.c(44,14): error C2065: 'ManagerList': undeclared identifier
D:\IPCA\Estruturas de dados avançada\Projeto_EDA\Projeto_EDA\Manager.c(44,41): error C2065: 'ManagerList': undeclared identifier
D:\IPCA\Estruturas de dados avançada\Projeto_EDA\Projeto_EDA\Manager.c(44,42): error C2059: syntax error: ')'
D:\IPCA\Estruturas de dados avançada\Projeto_EDA\Projeto_EDA\Manager.c(46,25): warning C4047: '==': 'int' differs in levels of indirection from 'void *'
D:\IPCA\Estruturas de dados avançada\Projeto_EDA\Projeto_EDA\Manager.c(53,15): error C2223: left of '->m' must point to struct/union
D:\IPCA\Estruturas de dados avançada\Projeto_EDA\Projeto_EDA\Manager.c(56,22): error C2223: left of '->m' must point to struct/union
D:\IPCA\Estruturas de dados avançada\Projeto_EDA\Projeto_EDA\Manager.c(56,38): warning C4047: 'function': 'char *' differs in levels of indirection from 'int'
D:\IPCA\Estruturas de dados avançada\Projeto_EDA\Projeto_EDA\Manager.c(56,30): warning C4024: 'strcpy': different types for formal and actual parameter 1
D:\IPCA\Estruturas de dados avançada\Projeto_EDA\Projeto_EDA\Manager.c(59,22): error C2223: left of '->m' must point to struct/union
D:\IPCA\Estruturas de dados avançada\Projeto_EDA\Projeto_EDA\Manager.c(59,39): warning C4047: 'function': 'char *' differs in levels of indirection from 'int'
D:\IPCA\Estruturas de dados avançada\Projeto_EDA\Projeto_EDA\Manager.c(59,31): warning C4024: 'strcpy': different types for formal and actual parameter 1
D:\IPCA\Estruturas de dados avançada\Projeto_EDA\Projeto_EDA\Manager.c(62,22): error C2223: left of '->m' must point to struct/union
D:\IPCA\Estruturas de dados avançada\Projeto_EDA\Projeto_EDA\Manager.c(62,42): warning C4047: 'function': 'char *' differs in levels of indirection from 'int'
D:\IPCA\Estruturas de dados avançada\Projeto_EDA\Projeto_EDA\Manager.c(62,34): warning C4024: 'strcpy': different types for formal and actual parameter 1
D:\IPCA\Estruturas de dados avançada\Projeto_EDA\Projeto_EDA\Manager.c(65,15): error C2223: left of '->m' must point to struct/union
D:\IPCA\Estruturas de dados avançada\Projeto_EDA\Projeto_EDA\Manager.c(67,15): error C2223: left of '->next' must point to struct/union
D:\IPCA\Estruturas de dados avançada\Projeto_EDA\Projeto_EDA\Manager.c(68,28): warning C4047: '=': 'int *' differs in levels of indirection from 'int'
D:\IPCA\Estruturas de dados avançada\Projeto_EDA\Projeto_EDA\Manager.c(39,9): error C4996: 'fopen': This function or variable may be unsafe. Consider using fopen_s instead. To disable deprecation, use _CRT_SECURE_NO_WARNINGS. See online help for details.
D:\IPCA\Estruturas de dados avançada\Projeto_EDA\Projeto_EDA\Manager.c(56,3): error C4996: 'strcpy': This function or variable may be unsafe. Consider using strcpy_s instead. To disable deprecation, use _CRT_SECURE_NO_WARNINGS. See online help for details.
D:\IPCA\Estruturas de dados avançada\Projeto_EDA\Projeto_EDA\Manager.c(59,3): error C4996: 'strcpy': This function or variable may be unsafe. Consider using strcpy_s instead. To disable deprecation, use _CRT_SECURE_NO_WARNINGS. See online help for details.
D:\IPCA\Estruturas de dados avançada\Projeto_EDA\Projeto_EDA\Manager.c(62,3): error C4996: 'strcpy': This function or variable may be unsafe. Consider using strcpy_s instead. To disable deprecation, use _CRT_SECURE_NO_WARNINGS. See online help for details.
D:\IPCA\Estruturas de dados avançada\Projeto_EDA\Projeto_EDA\Manager.c(76,12): error C2143: syntax error: missing '{' before '*'
D:\IPCA\Estruturas de dados avançada\Projeto_EDA\Projeto_EDA\Manager.c(89,14): error C2065: 'ManagerList': undeclared identifier
D:\IPCA\Estruturas de dados avançada\Projeto_EDA\Projeto_EDA\Manager.c(89,41): error C2065: 'ManagerList': undeclared identifier
D:\IPCA\Estruturas de dados avançada\Projeto_EDA\Projeto_EDA\Manager.c(89,42): error C2059: syntax error: ')'
D:\IPCA\Estruturas de dados avançada\Projeto_EDA\Projeto_EDA\Manager.c(91,25): warning C4047: '==': 'int' differs in levels of indirection from 'void *'
D:\IPCA\Estruturas de dados avançada\Projeto_EDA\Projeto_EDA\Manager.c(94,15): error C2223: left of '->m' must point to struct/union
D:\IPCA\Estruturas de dados avançada\Projeto_EDA\Projeto_EDA\Manager.c(95,22): error C2223: left of '->m' must point to struct/union
D:\IPCA\Estruturas de dados avançada\Projeto_EDA\Projeto_EDA\Manager.c(95,3): error C2198: 'strcpy': too few arguments for call
D:\IPCA\Estruturas de dados avançada\Projeto_EDA\Projeto_EDA\Manager.c(96,22): error C2223: left of '->m' must point to struct/union
D:\IPCA\Estruturas de dados avançada\Projeto_EDA\Projeto_EDA\Manager.c(96,3): error C2198: 'strcpy': too few arguments for call
D:\IPCA\Estruturas de dados avançada\Projeto_EDA\Projeto_EDA\Manager.c(97,22): error C2223: left of '->m' must point to struct/union
D:\IPCA\Estruturas de dados avançada\Projeto_EDA\Projeto_EDA\Manager.c(97,3): error C2198: 'strcpy': too few arguments for call
D:\IPCA\Estruturas de dados avançada\Projeto_EDA\Projeto_EDA\Manager.c(98,15): error C2223: left of '->m' must point to struct/union
D:\IPCA\Estruturas de dados avançada\Projeto_EDA\Projeto_EDA\Manager.c(99,15): error C2223: left of '->next' must point to struct/union
D:\IPCA\Estruturas de dados avançada\Projeto_EDA\Projeto_EDA\Manager.c(100,28): warning C4047: '=': 'Manager *' differs in levels of indirection from 'int'
D:\IPCA\Estruturas de dados avançada\Projeto_EDA\Projeto_EDA\Manager.c(106,17): warning C4013: 'OrderManagerById' undefined; assuming extern returning int
D:\IPCA\Estruturas de dados avançada\Projeto_EDA\Projeto_EDA\Manager.c(106,47): warning C4047: '=': 'Manager *' differs in levels of indirection from 'int'
D:\IPCA\Estruturas de dados avançada\Projeto_EDA\Projeto_EDA\Manager.c(108,2): warning C4133: 'return': incompatible types - from 'Manager *' to 'int *'
D:\IPCA\Estruturas de dados avançada\Projeto_EDA\Projeto_EDA\Manager.c(80,9): error C4996: 'fopen': This function or variable may be unsafe. Consider using fopen_s instead. To disable deprecation, use _CRT_SECURE_NO_WARNINGS. See online help for details.
D:\IPCA\Estruturas de dados avançada\Projeto_EDA\Projeto_EDA\Manager.c(95,3): error C4996: 'strcpy': This function or variable may be unsafe. Consider using strcpy_s instead. To disable deprecation, use _CRT_SECURE_NO_WARNINGS. See online help for details.
D:\IPCA\Estruturas de dados avançada\Projeto_EDA\Projeto_EDA\Manager.c(96,3): error C4996: 'strcpy': This function or variable may be unsafe. Consider using strcpy_s instead. To disable deprecation, use _CRT_SECURE_NO_WARNINGS. See online help for details.
D:\IPCA\Estruturas de dados avançada\Projeto_EDA\Projeto_EDA\Manager.c(97,3): error C4996: 'strcpy': This function or variable may be unsafe. Consider using strcpy_s instead. To disable deprecation, use _CRT_SECURE_NO_WARNINGS. See online help for details.
D:\IPCA\Estruturas de dados avançada\Projeto_EDA\Projeto_EDA\Manager.c(111,45): error C2143: syntax error: missing ')' before '*'
D:\IPCA\Estruturas de dados avançada\Projeto_EDA\Projeto_EDA\Manager.c(111,45): error C2081: 'ManagerList': name in formal parameter list illegal
D:\IPCA\Estruturas de dados avançada\Projeto_EDA\Projeto_EDA\Manager.c(111,45): error C2143: syntax error: missing '{' before '*'
D:\IPCA\Estruturas de dados avançada\Projeto_EDA\Projeto_EDA\Manager.c(111,59): error C2059: syntax error: ')'
D:\IPCA\Estruturas de dados avançada\Projeto_EDA\Projeto_EDA\Manager.c(111,61): error C2054: expected '(' to follow 'firstManager'
D:\IPCA\Estruturas de dados avançada\Projeto_EDA\Projeto_EDA\Manager.c(132,12): error C2143: syntax error: missing '{' before '*'
D:\IPCA\Estruturas de dados avançada\Projeto_EDA\Projeto_EDA\Manager.c(132,36): error C2143: syntax error: missing ')' before '*'
D:\IPCA\Estruturas de dados avançada\Projeto_EDA\Projeto_EDA\Manager.c(132,36): error C2143: syntax error: missing '{' before '*'
D:\IPCA\Estruturas de dados avançada\Projeto_EDA\Projeto_EDA\Manager.c(132,52): error C2371: 'Manager': redefinition; different basic types
D:\IPCA\Estruturas de dados avançada\Projeto_EDA\Projeto_EDA\Manager.h(29,2): message : see declaration of 'Manager'
D:\IPCA\Estruturas de dados avançada\Projeto_EDA\Projeto_EDA\Manager.c(132,60): error C2146: syntax error: missing ';' before identifier 'newManager'
D:\IPCA\Estruturas de dados avançada\Projeto_EDA\Projeto_EDA\Manager.c(132,70): error C2059: syntax error: ')'
D:\IPCA\Estruturas de dados avançada\Projeto_EDA\Projeto_EDA\Manager.c(132,72): error C2054: expected '(' to follow 'newManager'
D:\IPCA\Estruturas de dados avançada\Projeto_EDA\Projeto_EDA\Manager.c(151,31): error C2143: syntax error: missing ')' before '*'
D:\IPCA\Estruturas de dados avançada\Projeto_EDA\Projeto_EDA\Manager.c(151,31): error C2143: syntax error: missing '{' before '*'
D:\IPCA\Estruturas de dados avançada\Projeto_EDA\Projeto_EDA\Manager.c(151,51): error C2059: syntax error: 'type'
D:\IPCA\Estruturas de dados avançada\Projeto_EDA\Projeto_EDA\Manager.c(151,53): error C2059: syntax error: ')'
D:\IPCA\Estruturas de dados avançada\Projeto_EDA\Projeto_EDA\Manager.c(167,29): error C2143: syntax error: missing ')' before '*'
D:\IPCA\Estruturas de dados avançada\Projeto_EDA\Projeto_EDA\Manager.c(167,29): error C2143: syntax error: missing '{' before '*'
D:\IPCA\Estruturas de dados avançada\Projeto_EDA\Projeto_EDA\Manager.c(167,45): error C2371: 'Manager': redefinition; different basic types
D:\IPCA\Estruturas de dados avançada\Projeto_EDA\Projeto_EDA\Manager.h(29,2): message : see declaration of 'Manager'
D:\IPCA\Estruturas de dados avançada\Projeto_EDA\Projeto_EDA\Manager.c(167,53): error C2146: syntax error: missing ';' before identifier 'selectedManager'
D:\IPCA\Estruturas de dados avançada\Projeto_EDA\Projeto_EDA\Manager.c(167,68): error C2059: syntax error: ')'
D:\IPCA\Estruturas de dados avançada\Projeto_EDA\Projeto_EDA\Manager.c(167,70): error C2054: expected '(' to follow 'selectedManager'
D:\IPCA\Estruturas de dados avançada\Projeto_EDA\Projeto_EDA\Manager.c(182,12): error C2143: syntax error: missing '{' before '*'
D:\IPCA\Estruturas de dados avançada\Projeto_EDA\Projeto_EDA\Manager.c(182,42): error C2143: syntax error: missing ')' before '*'
D:\IPCA\Estruturas de dados avançada\Projeto_EDA\Projeto_EDA\Manager.c(182,42): error C2143: syntax error: missing '{' before '*'
D:\IPCA\Estruturas de dados avançada\Projeto_EDA\Projeto_EDA\Manager.c(182,56): error C2059: syntax error: ')'
D:\IPCA\Estruturas de dados avançada\Projeto_EDA\Projeto_EDA\Manager.c(182,56): fatal  error C1003: error count exceeds 100; stopping compilation
  Screen.c
D:\IPCA\Estruturas de dados avançada\Projeto_EDA\Projeto_EDA\Utility.h(36,37): error C2143: syntax error: missing ')' before '*'
D:\IPCA\Estruturas de dados avançada\Projeto_EDA\Projeto_EDA\Utility.h(36,37): error C2143: syntax error: missing '{' before '*'
D:\IPCA\Estruturas de dados avançada\Projeto_EDA\Projeto_EDA\Utility.h(36,50): error C2059: syntax error: ')'
D:\IPCA\Estruturas de dados avançada\Projeto_EDA\Projeto_EDA\Cliente.h(39,2): error C2061: syntax error: identifier 'ClientList'
D:\IPCA\Estruturas de dados avançada\Projeto_EDA\Projeto_EDA\Cliente.h(40,1): error C2059: syntax error: '}'
D:\IPCA\Estruturas de dados avançada\Projeto_EDA\Projeto_EDA\Cliente.h(44,11): error C2143: syntax error: missing '{' before '*'
D:\IPCA\Estruturas de dados avançada\Projeto_EDA\Projeto_EDA\Cliente.h(44,42): error C2143: syntax error: missing ')' before '*'
D:\IPCA\Estruturas de dados avançada\Projeto_EDA\Projeto_EDA\Cliente.h(44,42): error C2143: syntax error: missing '{' before '*'
D:\IPCA\Estruturas de dados avançada\Projeto_EDA\Projeto_EDA\Cliente.h(44,60): error C2059: syntax error: 'type'
D:\IPCA\Estruturas de dados avançada\Projeto_EDA\Projeto_EDA\Cliente.h(44,97): error C2059: syntax error: ')'
D:\IPCA\Estruturas de dados avançada\Projeto_EDA\Projeto_EDA\Cliente.h(46,11): error C2143: syntax error: missing '{' before '*'
D:\IPCA\Estruturas de dados avançada\Projeto_EDA\Projeto_EDA\Cliente.h(48,11): error C2143: syntax error: missing '{' before '*'
D:\IPCA\Estruturas de dados avançada\Projeto_EDA\Projeto_EDA\Cliente.h(50,43): error C2143: syntax error: missing ')' before '*'
D:\IPCA\Estruturas de dados avançada\Projeto_EDA\Projeto_EDA\Cliente.h(50,43): error C2081: 'ClientList': name in formal parameter list illegal
D:\IPCA\Estruturas de dados avançada\Projeto_EDA\Projeto_EDA\Cliente.h(50,43): error C2143: syntax error: missing '{' before '*'
D:\IPCA\Estruturas de dados avançada\Projeto_EDA\Projeto_EDA\Cliente.h(50,55): error C2059: syntax error: ')'
D:\IPCA\Estruturas de dados avançada\Projeto_EDA\Projeto_EDA\Cliente.h(52,11): error C2143: syntax error: missing '{' before '*'
D:\IPCA\Estruturas de dados avançada\Projeto_EDA\Projeto_EDA\Cliente.h(52,33): error C2143: syntax error: missing ')' before '*'
D:\IPCA\Estruturas de dados avançada\Projeto_EDA\Projeto_EDA\Cliente.h(52,33): error C2143: syntax error: missing '{' before '*'
D:\IPCA\Estruturas de dados avançada\Projeto_EDA\Projeto_EDA\Cliente.h(52,47): error C2371: 'Client': redefinition; different basic types
D:\IPCA\Estruturas de dados avançada\Projeto_EDA\Projeto_EDA\Cliente.h(35,3): message : see declaration of 'Client'
D:\IPCA\Estruturas de dados avançada\Projeto_EDA\Projeto_EDA\Cliente.h(52,54): error C2146: syntax error: missing ';' before identifier 'newClient'
D:\IPCA\Estruturas de dados avançada\Projeto_EDA\Projeto_EDA\Cliente.h(52,63): error C2059: syntax error: ')'
D:\IPCA\Estruturas de dados avançada\Projeto_EDA\Projeto_EDA\Cliente.h(54,29): error C2143: syntax error: missing ')' before '*'
D:\IPCA\Estruturas de dados avançada\Projeto_EDA\Projeto_EDA\Cliente.h(54,29): error C2143: syntax error: missing '{' before '*'
D:\IPCA\Estruturas de dados avançada\Projeto_EDA\Projeto_EDA\Cliente.h(54,47): error C2059: syntax error: 'type'
D:\IPCA\Estruturas de dados avançada\Projeto_EDA\Projeto_EDA\Cliente.h(54,49): error C2059: syntax error: ')'
D:\IPCA\Estruturas de dados avançada\Projeto_EDA\Projeto_EDA\Cliente.h(56,27): error C2143: syntax error: missing ')' before '*'
D:\IPCA\Estruturas de dados avançada\Projeto_EDA\Projeto_EDA\Cliente.h(56,27): error C2143: syntax error: missing '{' before '*'
D:\IPCA\Estruturas de dados avançada\Projeto_EDA\Projeto_EDA\Cliente.h(56,41): error C2371: 'Client': redefinition; different basic types
D:\IPCA\Estruturas de dados avançada\Projeto_EDA\Projeto_EDA\Cliente.h(35,3): message : see declaration of 'Client'
D:\IPCA\Estruturas de dados avançada\Projeto_EDA\Projeto_EDA\Cliente.h(56,48): error C2146: syntax error: missing ';' before identifier 'selectedClient'
D:\IPCA\Estruturas de dados avançada\Projeto_EDA\Projeto_EDA\Cliente.h(56,62): error C2059: syntax error: ')'
D:\IPCA\Estruturas de dados avançada\Projeto_EDA\Projeto_EDA\Cliente.h(58,11): error C2143: syntax error: missing '{' before '*'
D:\IPCA\Estruturas de dados avançada\Projeto_EDA\Projeto_EDA\Cliente.h(58,33): error C2143: syntax error: missing ')' before '*'
D:\IPCA\Estruturas de dados avançada\Projeto_EDA\Projeto_EDA\Cliente.h(58,33): error C2143: syntax error: missing '{' before '*'
D:\IPCA\Estruturas de dados avançada\Projeto_EDA\Projeto_EDA\Cliente.h(58,45): error C2059: syntax error: ')'
D:\IPCA\Estruturas de dados avançada\Projeto_EDA\Projeto_EDA\Cliente.h(60,30): error C2143: syntax error: missing ')' before '*'
D:\IPCA\Estruturas de dados avançada\Projeto_EDA\Projeto_EDA\Cliente.h(60,30): error C2143: syntax error: missing '{' before '*'
D:\IPCA\Estruturas de dados avançada\Projeto_EDA\Projeto_EDA\Cliente.h(60,48): error C2059: syntax error: 'type'
D:\IPCA\Estruturas de dados avançada\Projeto_EDA\Projeto_EDA\Cliente.h(60,50): error C2059: syntax error: ')'
D:\IPCA\Estruturas de dados avançada\Projeto_EDA\Projeto_EDA\Cliente.h(62,28): error C2143: syntax error: missing ')' before '*'
D:\IPCA\Estruturas de dados avançada\Projeto_EDA\Projeto_EDA\Cliente.h(62,28): error C2143: syntax error: missing '{' before '*'
D:\IPCA\Estruturas de dados avançada\Projeto_EDA\Projeto_EDA\Cliente.h(62,40): error C2059: syntax error: ')'
D:\IPCA\Estruturas de dados avançada\Projeto_EDA\Projeto_EDA\Vehicle.h(44,2): error C2061: syntax error: identifier 'VehicleList'
D:\IPCA\Estruturas de dados avançada\Projeto_EDA\Projeto_EDA\Vehicle.h(45,1): error C2059: syntax error: '}'
D:\IPCA\Estruturas de dados avançada\Projeto_EDA\Projeto_EDA\Vehicle.h(49,12): error C2143: syntax error: missing '{' before '*'
D:\IPCA\Estruturas de dados avançada\Projeto_EDA\Projeto_EDA\Vehicle.h(51,12): error C2143: syntax error: missing '{' before '*'
D:\IPCA\Estruturas de dados avançada\Projeto_EDA\Projeto_EDA\Vehicle.h(53,12): error C2143: syntax error: missing '{' before '*'
D:\IPCA\Estruturas de dados avançada\Projeto_EDA\Projeto_EDA\Vehicle.h(55,45): error C2143: syntax error: missing ')' before '*'
D:\IPCA\Estruturas de dados avançada\Projeto_EDA\Projeto_EDA\Vehicle.h(55,45): error C2081: 'VehicleList': name in formal parameter list illegal
D:\IPCA\Estruturas de dados avançada\Projeto_EDA\Projeto_EDA\Vehicle.h(55,45): error C2143: syntax error: missing '{' before '*'
D:\IPCA\Estruturas de dados avançada\Projeto_EDA\Projeto_EDA\Vehicle.h(55,59): error C2059: syntax error: ')'
D:\IPCA\Estruturas de dados avançada\Projeto_EDA\Projeto_EDA\Vehicle.h(57,12): error C2143: syntax error: missing '{' before '*'
D:\IPCA\Estruturas de dados avançada\Projeto_EDA\Projeto_EDA\Vehicle.h(57,36): error C2143: syntax error: missing ')' before '*'
D:\IPCA\Estruturas de dados avançada\Projeto_EDA\Projeto_EDA\Vehicle.h(57,36): error C2143: syntax error: missing '{' before '*'
D:\IPCA\Estruturas de dados avançada\Projeto_EDA\Projeto_EDA\Vehicle.h(57,52): error C2371: 'Vehicle': redefinition; different basic types
D:\IPCA\Estruturas de dados avançada\Projeto_EDA\Projeto_EDA\Vehicle.h(40,2): message : see declaration of 'Vehicle'
D:\IPCA\Estruturas de dados avançada\Projeto_EDA\Projeto_EDA\Vehicle.h(57,60): error C2146: syntax error: missing ';' before identifier 'newVehicle'
D:\IPCA\Estruturas de dados avançada\Projeto_EDA\Projeto_EDA\Vehicle.h(57,70): error C2059: syntax error: ')'
D:\IPCA\Estruturas de dados avançada\Projeto_EDA\Projeto_EDA\Vehicle.h(59,31): error C2143: syntax error: missing ')' before '*'
D:\IPCA\Estruturas de dados avançada\Projeto_EDA\Projeto_EDA\Vehicle.h(59,31): error C2143: syntax error: missing '{' before '*'
D:\IPCA\Estruturas de dados avançada\Projeto_EDA\Projeto_EDA\Vehicle.h(59,51): error C2059: syntax error: 'type'
D:\IPCA\Estruturas de dados avançada\Projeto_EDA\Projeto_EDA\Vehicle.h(59,53): error C2059: syntax error: ')'
D:\IPCA\Estruturas de dados avançada\Projeto_EDA\Projeto_EDA\Vehicle.h(61,29): error C2143: syntax error: missing ')' before '*'
D:\IPCA\Estruturas de dados avançada\Projeto_EDA\Projeto_EDA\Vehicle.h(61,29): error C2143: syntax error: missing '{' before '*'
D:\IPCA\Estruturas de dados avançada\Projeto_EDA\Projeto_EDA\Vehicle.h(61,45): error C2371: 'Vehicle': redefinition; different basic types
D:\IPCA\Estruturas de dados avançada\Projeto_EDA\Projeto_EDA\Vehicle.h(40,2): message : see declaration of 'Vehicle'
D:\IPCA\Estruturas de dados avançada\Projeto_EDA\Projeto_EDA\Vehicle.h(61,53): error C2146: syntax error: missing ';' before identifier 'selectedVehicle'
D:\IPCA\Estruturas de dados avançada\Projeto_EDA\Projeto_EDA\Vehicle.h(61,68): error C2059: syntax error: ')'
D:\IPCA\Estruturas de dados avançada\Projeto_EDA\Projeto_EDA\Vehicle.h(65,12): error C2143: syntax error: missing '{' before '*'
D:\IPCA\Estruturas de dados avançada\Projeto_EDA\Projeto_EDA\Vehicle.h(65,42): error C2143: syntax error: missing ')' before '*'
D:\IPCA\Estruturas de dados avançada\Projeto_EDA\Projeto_EDA\Vehicle.h(65,42): error C2143: syntax error: missing '{' before '*'
D:\IPCA\Estruturas de dados avançada\Projeto_EDA\Projeto_EDA\Vehicle.h(65,56): error C2059: syntax error: ')'
D:\IPCA\Estruturas de dados avançada\Projeto_EDA\Projeto_EDA\Vehicle.h(67,12): error C2143: syntax error: missing '{' before '*'
D:\IPCA\Estruturas de dados avançada\Projeto_EDA\Projeto_EDA\Vehicle.h(67,48): error C2143: syntax error: missing ')' before '*'
D:\IPCA\Estruturas de dados avançada\Projeto_EDA\Projeto_EDA\Vehicle.h(67,48): error C2143: syntax error: missing '{' before '*'
D:\IPCA\Estruturas de dados avançada\Projeto_EDA\Projeto_EDA\Vehicle.h(67,62): error C2059: syntax error: ')'
D:\IPCA\Estruturas de dados avançada\Projeto_EDA\Projeto_EDA\Vehicle.h(69,12): error C2143: syntax error: missing '{' before '*'
D:\IPCA\Estruturas de dados avançada\Projeto_EDA\Projeto_EDA\Vehicle.h(69,49): error C2143: syntax error: missing ')' before '*'
D:\IPCA\Estruturas de dados avançada\Projeto_EDA\Projeto_EDA\Vehicle.h(69,49): error C2143: syntax error: missing '{' before '*'
D:\IPCA\Estruturas de dados avançada\Projeto_EDA\Projeto_EDA\Vehicle.h(69,69): error C2059: syntax error: 'type'
D:\IPCA\Estruturas de dados avançada\Projeto_EDA\Projeto_EDA\Vehicle.h(69,79): error C2059: syntax error: ')'
D:\IPCA\Estruturas de dados avançada\Projeto_EDA\Projeto_EDA\Vehicle.h(71,12): error C2143: syntax error: missing '{' before '*'
D:\IPCA\Estruturas de dados avançada\Projeto_EDA\Projeto_EDA\Vehicle.h(71,43): error C2143: syntax error: missing ')' before '*'
D:\IPCA\Estruturas de dados avançada\Projeto_EDA\Projeto_EDA\Vehicle.h(71,43): error C2143: syntax error: missing '{' before '*'
D:\IPCA\Estruturas de dados avançada\Projeto_EDA\Projeto_EDA\Vehicle.h(71,63): error C2059: syntax error: 'type'
D:\IPCA\Estruturas de dados avançada\Projeto_EDA\Projeto_EDA\Vehicle.h(71,65): error C2059: syntax error: ')'
D:\IPCA\Estruturas de dados avançada\Projeto_EDA\Projeto_EDA\Vehicle.h(73,36): error C2143: syntax error: missing ')' before '*'
D:\IPCA\Estruturas de dados avançada\Projeto_EDA\Projeto_EDA\Vehicle.h(73,36): error C2143: syntax error: missing '{' before '*'
D:\IPCA\Estruturas de dados avançada\Projeto_EDA\Projeto_EDA\Vehicle.h(73,50): error C2059: syntax error: ')'
D:\IPCA\Estruturas de dados avançada\Projeto_EDA\Projeto_EDA\Manager.h(33,2): error C2061: syntax error: identifier 'ManagerList'
D:\IPCA\Estruturas de dados avançada\Projeto_EDA\Projeto_EDA\Manager.h(34,1): error C2059: syntax error: '}'
D:\IPCA\Estruturas de dados avançada\Projeto_EDA\Projeto_EDA\Manager.h(36,30): error C2143: syntax error: missing ')' before '*'
D:\IPCA\Estruturas de dados avançada\Projeto_EDA\Projeto_EDA\Manager.h(36,30): error C2143: syntax error: missing '{' before '*'
D:\IPCA\Estruturas de dados avançada\Projeto_EDA\Projeto_EDA\Manager.h(36,44): error C2059: syntax error: ')'
D:\IPCA\Estruturas de dados avançada\Projeto_EDA\Projeto_EDA\Manager.h(38,12): error C2143: syntax error: missing '{' before '*'
D:\IPCA\Estruturas de dados avançada\Projeto_EDA\Projeto_EDA\Manager.h(38,45): error C2143: syntax error: missing ')' before '*'
D:\IPCA\Estruturas de dados avançada\Projeto_EDA\Projeto_EDA\Manager.h(38,45): error C2143: syntax error: missing '{' before '*'
D:\IPCA\Estruturas de dados avançada\Projeto_EDA\Projeto_EDA\Manager.h(38,65): error C2059: syntax error: 'type'
D:\IPCA\Estruturas de dados avançada\Projeto_EDA\Projeto_EDA\Manager.h(38,102): error C2059: syntax error: ')'
D:\IPCA\Estruturas de dados avançada\Projeto_EDA\Projeto_EDA\Manager.h(40,12): error C2143: syntax error: missing '{' before '*'
D:\IPCA\Estruturas de dados avançada\Projeto_EDA\Projeto_EDA\Manager.h(42,12): error C2143: syntax error: missing '{' before '*'
D:\IPCA\Estruturas de dados avançada\Projeto_EDA\Projeto_EDA\Manager.h(44,45): error C2143: syntax error: missing ')' before '*'
D:\IPCA\Estruturas de dados avançada\Projeto_EDA\Projeto_EDA\Manager.h(44,45): error C2081: 'ManagerList': name in formal parameter list illegal
D:\IPCA\Estruturas de dados avançada\Projeto_EDA\Projeto_EDA\Manager.h(44,45): fatal  error C1003: error count exceeds 100; stopping compilation
  Utility.c
D:\IPCA\Estruturas de dados avançada\Projeto_EDA\Projeto_EDA\Utility.h(36,37): error C2143: syntax error: missing ')' before '*'
D:\IPCA\Estruturas de dados avançada\Projeto_EDA\Projeto_EDA\Utility.h(36,37): error C2143: syntax error: missing '{' before '*'
D:\IPCA\Estruturas de dados avançada\Projeto_EDA\Projeto_EDA\Utility.h(36,50): error C2059: syntax error: ')'
D:\IPCA\Estruturas de dados avançada\Projeto_EDA\Projeto_EDA\Utility.c(16,23): warning C4047: 'function': 'const char *' differs in levels of indirection from 'int'
D:\IPCA\Estruturas de dados avançada\Projeto_EDA\Projeto_EDA\Utility.c(16,19): warning C4024: 'strcat': different types for formal and actual parameter 2
D:\IPCA\Estruturas de dados avançada\Projeto_EDA\Projeto_EDA\Utility.c(13,2): error C4996: 'strcpy': This function or variable may be unsafe. Consider using strcpy_s instead. To disable deprecation, use _CRT_SECURE_NO_WARNINGS. See online help for details.
D:\IPCA\Estruturas de dados avançada\Projeto_EDA\Projeto_EDA\Utility.c(16,2): error C4996: 'strcat': This function or variable may be unsafe. Consider using strcat_s instead. To disable deprecation, use _CRT_SECURE_NO_WARNINGS. See online help for details.
D:\IPCA\Estruturas de dados avançada\Projeto_EDA\Projeto_EDA\Utility.c(17,2): error C4996: 'strcat': This function or variable may be unsafe. Consider using strcat_s instead. To disable deprecation, use _CRT_SECURE_NO_WARNINGS. See online help for details.
  Vehicle.c
D:\IPCA\Estruturas de dados avançada\Projeto_EDA\Projeto_EDA\Utility.h(36,37): error C2143: syntax error: missing ')' before '*'
D:\IPCA\Estruturas de dados avançada\Projeto_EDA\Projeto_EDA\Utility.h(36,37): error C2143: syntax error: missing '{' before '*'
D:\IPCA\Estruturas de dados avançada\Projeto_EDA\Projeto_EDA\Utility.h(36,50): error C2059: syntax error: ')'
D:\IPCA\Estruturas de dados avançada\Projeto_EDA\Projeto_EDA\Cliente.h(39,2): error C2061: syntax error: identifier 'ClientList'
D:\IPCA\Estruturas de dados avançada\Projeto_EDA\Projeto_EDA\Cliente.h(40,1): error C2059: syntax error: '}'
D:\IPCA\Estruturas de dados avançada\Projeto_EDA\Projeto_EDA\Cliente.h(44,11): error C2143: syntax error: missing '{' before '*'
D:\IPCA\Estruturas de dados avançada\Projeto_EDA\Projeto_EDA\Cliente.h(44,42): error C2143: syntax error: missing ')' before '*'
D:\IPCA\Estruturas de dados avançada\Projeto_EDA\Projeto_EDA\Cliente.h(44,42): error C2143: syntax error: missing '{' before '*'
D:\IPCA\Estruturas de dados avançada\Projeto_EDA\Projeto_EDA\Cliente.h(44,60): error C2059: syntax error: 'type'
D:\IPCA\Estruturas de dados avançada\Projeto_EDA\Projeto_EDA\Cliente.h(44,97): error C2059: syntax error: ')'
D:\IPCA\Estruturas de dados avançada\Projeto_EDA\Projeto_EDA\Cliente.h(46,11): error C2143: syntax error: missing '{' before '*'
D:\IPCA\Estruturas de dados avançada\Projeto_EDA\Projeto_EDA\Cliente.h(48,11): error C2143: syntax error: missing '{' before '*'
D:\IPCA\Estruturas de dados avançada\Projeto_EDA\Projeto_EDA\Cliente.h(50,43): error C2143: syntax error: missing ')' before '*'
D:\IPCA\Estruturas de dados avançada\Projeto_EDA\Projeto_EDA\Cliente.h(50,43): error C2081: 'ClientList': name in formal parameter list illegal
D:\IPCA\Estruturas de dados avançada\Projeto_EDA\Projeto_EDA\Cliente.h(50,43): error C2143: syntax error: missing '{' before '*'
D:\IPCA\Estruturas de dados avançada\Projeto_EDA\Projeto_EDA\Cliente.h(50,55): error C2059: syntax error: ')'
D:\IPCA\Estruturas de dados avançada\Projeto_EDA\Projeto_EDA\Cliente.h(52,11): error C2143: syntax error: missing '{' before '*'
D:\IPCA\Estruturas de dados avançada\Projeto_EDA\Projeto_EDA\Cliente.h(52,33): error C2143: syntax error: missing ')' before '*'
D:\IPCA\Estruturas de dados avançada\Projeto_EDA\Projeto_EDA\Cliente.h(52,33): error C2143: syntax error: missing '{' before '*'
D:\IPCA\Estruturas de dados avançada\Projeto_EDA\Projeto_EDA\Cliente.h(52,47): error C2371: 'Client': redefinition; different basic types
D:\IPCA\Estruturas de dados avançada\Projeto_EDA\Projeto_EDA\Cliente.h(35,3): message : see declaration of 'Client'
D:\IPCA\Estruturas de dados avançada\Projeto_EDA\Projeto_EDA\Cliente.h(52,54): error C2146: syntax error: missing ';' before identifier 'newClient'
D:\IPCA\Estruturas de dados avançada\Projeto_EDA\Projeto_EDA\Cliente.h(52,63): error C2059: syntax error: ')'
D:\IPCA\Estruturas de dados avançada\Projeto_EDA\Projeto_EDA\Cliente.h(54,29): error C2143: syntax error: missing ')' before '*'
D:\IPCA\Estruturas de dados avançada\Projeto_EDA\Projeto_EDA\Cliente.h(54,29): error C2143: syntax error: missing '{' before '*'
D:\IPCA\Estruturas de dados avançada\Projeto_EDA\Projeto_EDA\Cliente.h(54,47): error C2059: syntax error: 'type'
D:\IPCA\Estruturas de dados avançada\Projeto_EDA\Projeto_EDA\Cliente.h(54,49): error C2059: syntax error: ')'
D:\IPCA\Estruturas de dados avançada\Projeto_EDA\Projeto_EDA\Cliente.h(56,27): error C2143: syntax error: missing ')' before '*'
D:\IPCA\Estruturas de dados avançada\Projeto_EDA\Projeto_EDA\Cliente.h(56,27): error C2143: syntax error: missing '{' before '*'
D:\IPCA\Estruturas de dados avançada\Projeto_EDA\Projeto_EDA\Cliente.h(56,41): error C2371: 'Client': redefinition; different basic types
D:\IPCA\Estruturas de dados avançada\Projeto_EDA\Projeto_EDA\Cliente.h(35,3): message : see declaration of 'Client'
D:\IPCA\Estruturas de dados avançada\Projeto_EDA\Projeto_EDA\Cliente.h(56,48): error C2146: syntax error: missing ';' before identifier 'selectedClient'
D:\IPCA\Estruturas de dados avançada\Projeto_EDA\Projeto_EDA\Cliente.h(56,62): error C2059: syntax error: ')'
D:\IPCA\Estruturas de dados avançada\Projeto_EDA\Projeto_EDA\Cliente.h(58,11): error C2143: syntax error: missing '{' before '*'
D:\IPCA\Estruturas de dados avançada\Projeto_EDA\Projeto_EDA\Cliente.h(58,33): error C2143: syntax error: missing ')' before '*'
D:\IPCA\Estruturas de dados avançada\Projeto_EDA\Projeto_EDA\Cliente.h(58,33): error C2143: syntax error: missing '{' before '*'
D:\IPCA\Estruturas de dados avançada\Projeto_EDA\Projeto_EDA\Cliente.h(58,45): error C2059: syntax error: ')'
D:\IPCA\Estruturas de dados avançada\Projeto_EDA\Projeto_EDA\Cliente.h(60,30): error C2143: syntax error: missing ')' before '*'
D:\IPCA\Estruturas de dados avançada\Projeto_EDA\Projeto_EDA\Cliente.h(60,30): error C2143: syntax error: missing '{' before '*'
D:\IPCA\Estruturas de dados avançada\Projeto_EDA\Projeto_EDA\Cliente.h(60,48): error C2059: syntax error: 'type'
D:\IPCA\Estruturas de dados avançada\Projeto_EDA\Projeto_EDA\Cliente.h(60,50): error C2059: syntax error: ')'
D:\IPCA\Estruturas de dados avançada\Projeto_EDA\Projeto_EDA\Cliente.h(62,28): error C2143: syntax error: missing ')' before '*'
D:\IPCA\Estruturas de dados avançada\Projeto_EDA\Projeto_EDA\Cliente.h(62,28): error C2143: syntax error: missing '{' before '*'
D:\IPCA\Estruturas de dados avançada\Projeto_EDA\Projeto_EDA\Cliente.h(62,40): error C2059: syntax error: ')'
D:\IPCA\Estruturas de dados avançada\Projeto_EDA\Projeto_EDA\Vehicle.h(44,2): error C2061: syntax error: identifier 'VehicleList'
D:\IPCA\Estruturas de dados avançada\Projeto_EDA\Projeto_EDA\Vehicle.h(45,1): error C2059: syntax error: '}'
D:\IPCA\Estruturas de dados avançada\Projeto_EDA\Projeto_EDA\Vehicle.h(49,12): error C2143: syntax error: missing '{' before '*'
D:\IPCA\Estruturas de dados avançada\Projeto_EDA\Projeto_EDA\Vehicle.h(51,12): error C2143: syntax error: missing '{' before '*'
D:\IPCA\Estruturas de dados avançada\Projeto_EDA\Projeto_EDA\Vehicle.h(53,12): error C2143: syntax error: missing '{' before '*'
D:\IPCA\Estruturas de dados avançada\Projeto_EDA\Projeto_EDA\Vehicle.h(55,45): error C2143: syntax error: missing ')' before '*'
D:\IPCA\Estruturas de dados avançada\Projeto_EDA\Projeto_EDA\Vehicle.h(55,45): error C2081: 'VehicleList': name in formal parameter list illegal
D:\IPCA\Estruturas de dados avançada\Projeto_EDA\Projeto_EDA\Vehicle.h(55,45): error C2143: syntax error: missing '{' before '*'
D:\IPCA\Estruturas de dados avançada\Projeto_EDA\Projeto_EDA\Vehicle.h(55,59): error C2059: syntax error: ')'
D:\IPCA\Estruturas de dados avançada\Projeto_EDA\Projeto_EDA\Vehicle.h(57,12): error C2143: syntax error: missing '{' before '*'
D:\IPCA\Estruturas de dados avançada\Projeto_EDA\Projeto_EDA\Vehicle.h(57,36): error C2143: syntax error: missing ')' before '*'
D:\IPCA\Estruturas de dados avançada\Projeto_EDA\Projeto_EDA\Vehicle.h(57,36): error C2143: syntax error: missing '{' before '*'
D:\IPCA\Estruturas de dados avançada\Projeto_EDA\Projeto_EDA\Vehicle.h(57,52): error C2371: 'Vehicle': redefinition; different basic types
D:\IPCA\Estruturas de dados avançada\Projeto_EDA\Projeto_EDA\Vehicle.h(40,2): message : see declaration of 'Vehicle'
D:\IPCA\Estruturas de dados avançada\Projeto_EDA\Projeto_EDA\Vehicle.h(57,60): error C2146: syntax error: missing ';' before identifier 'newVehicle'
D:\IPCA\Estruturas de dados avançada\Projeto_EDA\Projeto_EDA\Vehicle.h(57,70): error C2059: syntax error: ')'
D:\IPCA\Estruturas de dados avançada\Projeto_EDA\Projeto_EDA\Vehicle.h(59,31): error C2143: syntax error: missing ')' before '*'
D:\IPCA\Estruturas de dados avançada\Projeto_EDA\Projeto_EDA\Vehicle.h(59,31): error C2143: syntax error: missing '{' before '*'
D:\IPCA\Estruturas de dados avançada\Projeto_EDA\Projeto_EDA\Vehicle.h(59,51): error C2059: syntax error: 'type'
D:\IPCA\Estruturas de dados avançada\Projeto_EDA\Projeto_EDA\Vehicle.h(59,53): error C2059: syntax error: ')'
D:\IPCA\Estruturas de dados avançada\Projeto_EDA\Projeto_EDA\Vehicle.h(61,29): error C2143: syntax error: missing ')' before '*'
D:\IPCA\Estruturas de dados avançada\Projeto_EDA\Projeto_EDA\Vehicle.h(61,29): error C2143: syntax error: missing '{' before '*'
D:\IPCA\Estruturas de dados avançada\Projeto_EDA\Projeto_EDA\Vehicle.h(61,45): error C2371: 'Vehicle': redefinition; different basic types
D:\IPCA\Estruturas de dados avançada\Projeto_EDA\Projeto_EDA\Vehicle.h(40,2): message : see declaration of 'Vehicle'
D:\IPCA\Estruturas de dados avançada\Projeto_EDA\Projeto_EDA\Vehicle.h(61,53): error C2146: syntax error: missing ';' before identifier 'selectedVehicle'
D:\IPCA\Estruturas de dados avançada\Projeto_EDA\Projeto_EDA\Vehicle.h(61,68): error C2059: syntax error: ')'
D:\IPCA\Estruturas de dados avançada\Projeto_EDA\Projeto_EDA\Vehicle.h(65,12): error C2143: syntax error: missing '{' before '*'
D:\IPCA\Estruturas de dados avançada\Projeto_EDA\Projeto_EDA\Vehicle.h(65,42): error C2143: syntax error: missing ')' before '*'
D:\IPCA\Estruturas de dados avançada\Projeto_EDA\Projeto_EDA\Vehicle.h(65,42): error C2143: syntax error: missing '{' before '*'
D:\IPCA\Estruturas de dados avançada\Projeto_EDA\Projeto_EDA\Vehicle.h(65,56): error C2059: syntax error: ')'
D:\IPCA\Estruturas de dados avançada\Projeto_EDA\Projeto_EDA\Vehicle.h(67,12): error C2143: syntax error: missing '{' before '*'
D:\IPCA\Estruturas de dados avançada\Projeto_EDA\Projeto_EDA\Vehicle.h(67,48): error C2143: syntax error: missing ')' before '*'
D:\IPCA\Estruturas de dados avançada\Projeto_EDA\Projeto_EDA\Vehicle.h(67,48): error C2143: syntax error: missing '{' before '*'
D:\IPCA\Estruturas de dados avançada\Projeto_EDA\Projeto_EDA\Vehicle.h(67,62): error C2059: syntax error: ')'
D:\IPCA\Estruturas de dados avançada\Projeto_EDA\Projeto_EDA\Vehicle.h(69,12): error C2143: syntax error: missing '{' before '*'
D:\IPCA\Estruturas de dados avançada\Projeto_EDA\Projeto_EDA\Vehicle.h(69,49): error C2143: syntax error: missing ')' before '*'
D:\IPCA\Estruturas de dados avançada\Projeto_EDA\Projeto_EDA\Vehicle.h(69,49): error C2143: syntax error: missing '{' before '*'
D:\IPCA\Estruturas de dados avançada\Projeto_EDA\Projeto_EDA\Vehicle.h(69,69): error C2059: syntax error: 'type'
D:\IPCA\Estruturas de dados avançada\Projeto_EDA\Projeto_EDA\Vehicle.h(69,79): error C2059: syntax error: ')'
D:\IPCA\Estruturas de dados avançada\Projeto_EDA\Projeto_EDA\Vehicle.h(71,12): error C2143: syntax error: missing '{' before '*'
D:\IPCA\Estruturas de dados avançada\Projeto_EDA\Projeto_EDA\Vehicle.h(71,43): error C2143: syntax error: missing ')' before '*'
D:\IPCA\Estruturas de dados avançada\Projeto_EDA\Projeto_EDA\Vehicle.h(71,43): error C2143: syntax error: missing '{' before '*'
D:\IPCA\Estruturas de dados avançada\Projeto_EDA\Projeto_EDA\Vehicle.h(71,63): error C2059: syntax error: 'type'
D:\IPCA\Estruturas de dados avançada\Projeto_EDA\Projeto_EDA\Vehicle.h(71,65): error C2059: syntax error: ')'
D:\IPCA\Estruturas de dados avançada\Projeto_EDA\Projeto_EDA\Vehicle.h(73,36): error C2143: syntax error: missing ')' before '*'
D:\IPCA\Estruturas de dados avançada\Projeto_EDA\Projeto_EDA\Vehicle.h(73,36): error C2143: syntax error: missing '{' before '*'
D:\IPCA\Estruturas de dados avançada\Projeto_EDA\Projeto_EDA\Vehicle.h(73,50): error C2059: syntax error: ')'
D:\IPCA\Estruturas de dados avançada\Projeto_EDA\Projeto_EDA\Vehicle.c(25,12): error C2143: syntax error: missing '{' before '*'
D:\IPCA\Estruturas de dados avançada\Projeto_EDA\Projeto_EDA\Vehicle.c(27,15): warning C4133: '=': incompatible types - from 'int *' to 'Vehicle *'
D:\IPCA\Estruturas de dados avançada\Projeto_EDA\Projeto_EDA\Vehicle.c(28,2): warning C4013: 'SaveVehicle' undefined; assuming extern returning int
D:\IPCA\Estruturas de dados avançada\Projeto_EDA\Projeto_EDA\Vehicle.c(29,2): warning C4133: 'return': incompatible types - from 'Vehicle *' to 'int *'
D:\IPCA\Estruturas de dados avançada\Projeto_EDA\Projeto_EDA\Vehicle.c(32,12): error C2143: syntax error: missing '{' before '*'
D:\IPCA\Estruturas de dados avançada\Projeto_EDA\Projeto_EDA\Vehicle.c(34,13): error C2065: 'VehicleList': undeclared identifier
D:\IPCA\Estruturas de dados avançada\Projeto_EDA\Projeto_EDA\Vehicle.c(34,13): error C2297: '*': not valid as right operand has type 'int *'
D:\IPCA\Estruturas de dados avançada\Projeto_EDA\Projeto_EDA\Vehicle.c(42,14): error C2065: 'VehicleList': undeclared identifier
D:\IPCA\Estruturas de dados avançada\Projeto_EDA\Projeto_EDA\Vehicle.c(42,41): error C2065: 'VehicleList': undeclared identifier
D:\IPCA\Estruturas de dados avançada\Projeto_EDA\Projeto_EDA\Vehicle.c(42,42): error C2059: syntax error: ')'
D:\IPCA\Estruturas de dados avançada\Projeto_EDA\Projeto_EDA\Vehicle.c(43,25): warning C4047: '==': 'int' differs in levels of indirection from 'void *'
D:\IPCA\Estruturas de dados avançada\Projeto_EDA\Projeto_EDA\Vehicle.c(49,15): error C2223: left of '->v' must point to struct/union
D:\IPCA\Estruturas de dados avançada\Projeto_EDA\Projeto_EDA\Vehicle.c(51,15): error C2223: left of '->v' must point to struct/union
D:\IPCA\Estruturas de dados avançada\Projeto_EDA\Projeto_EDA\Vehicle.c(53,15): error C2223: left of '->v' must point to struct/union
D:\IPCA\Estruturas de dados avançada\Projeto_EDA\Projeto_EDA\Vehicle.c(55,15): error C2223: left of '->v' must point to struct/union
D:\IPCA\Estruturas de dados avançada\Projeto_EDA\Projeto_EDA\Vehicle.c(57,22): error C2223: left of '->v' must point to struct/union
D:\IPCA\Estruturas de dados avançada\Projeto_EDA\Projeto_EDA\Vehicle.c(57,42): warning C4047: 'function': 'char *' differs in levels of indirection from 'int'
D:\IPCA\Estruturas de dados avançada\Projeto_EDA\Projeto_EDA\Vehicle.c(57,34): warning C4024: 'strcpy': different types for formal and actual parameter 1
D:\IPCA\Estruturas de dados avançada\Projeto_EDA\Projeto_EDA\Vehicle.c(59,15): error C2223: left of '->v' must point to struct/union
D:\IPCA\Estruturas de dados avançada\Projeto_EDA\Projeto_EDA\Vehicle.c(61,15): error C2223: left of '->next' must point to struct/union
D:\IPCA\Estruturas de dados avançada\Projeto_EDA\Projeto_EDA\Vehicle.c(61,15): fatal  error C1003: error count exceeds 100; stopping compilation
  Generating Code...
