  Main.c
D:\Temp\Aluno\Novo\Main.c(16,41): warning C4013: 'ReadManager' undefined; assuming extern returning int
D:\Temp\Aluno\Novo\Main.c(24,30): warning C4133: 'function': incompatible types - from 'ClientList *' to 'int *'
D:\Temp\Aluno\Novo\Main.c(27,32): warning C4133: 'function': incompatible types - from 'VehicleList *' to 'int *'
D:\Temp\Aluno\Novo\Main.c(30,34): warning C4133: 'function': incompatible types - from 'ManagerList *' to 'int *'
D:\Temp\Aluno\Novo\Main.c(36,27): warning C4133: 'function': incompatible types - from 'ClientList *' to 'Client *'
D:\Temp\Aluno\Novo\Main.c(37,29): warning C4133: 'function': incompatible types - from 'VehicleList *' to 'Vehicle *'
D:\Temp\Aluno\Novo\Main.c(38,16): warning C4013: 'ResetManager' undefined; assuming extern returning int
D:\Temp\Aluno\Novo\Main.c(16,1): warning C4047: 'initializing': 'ManagerList *' differs in levels of indirection from 'int'
  Screen.c
D:\Temp\Aluno\Novo\Screen.c(51,43): warning C4133: 'function': incompatible types - from 'VehicleList *' to 'Vehicle *'
D:\Temp\Aluno\Novo\Screen.c(58,33): warning C4028: formal parameter 1 different from declaration
D:\Temp\Aluno\Novo\Screen.c(58,55): warning C4029: declared formal parameter list different from definition
D:\Temp\Aluno\Novo\Screen.c(76,19): warning C4047: 'function': 'int *' differs in levels of indirection from 'int **'
D:\Temp\Aluno\Novo\Screen.c(76,16): warning C4024: 'ShowMainMenu': different types for formal and actual parameter 1
D:\Temp\Aluno\Novo\Screen.c(81,33): warning C4047: 'function': 'ClientList **' differs in levels of indirection from 'ClientList *'
D:\Temp\Aluno\Novo\Screen.c(81,22): warning C4024: 'ShowAddClientMenu': different types for formal and actual parameter 1
D:\Temp\Aluno\Novo\Screen.c(93,20): warning C4047: 'function': 'int *' differs in levels of indirection from 'int **'
D:\Temp\Aluno\Novo\Screen.c(93,17): warning C4024: 'ShowMainMenu': different types for formal and actual parameter 1
D:\Temp\Aluno\Novo\Screen.c(100,35): warning C4028: formal parameter 1 different from declaration
D:\Temp\Aluno\Novo\Screen.c(100,83): warning C4029: declared formal parameter list different from definition
D:\Temp\Aluno\Novo\Screen.c(122,19): warning C4047: 'function': 'int *' differs in levels of indirection from 'int **'
D:\Temp\Aluno\Novo\Screen.c(122,16): warning C4024: 'ShowMainMenu': different types for formal and actual parameter 1
D:\Temp\Aluno\Novo\Screen.c(127,34): warning C4047: 'function': 'ClientList **' differs in levels of indirection from 'VehicleList *'
D:\Temp\Aluno\Novo\Screen.c(127,22): warning C4024: 'ShowAddClientMenu': different types for formal and actual parameter 1
D:\Temp\Aluno\Novo\Screen.c(130,37): warning C4133: 'function': incompatible types - from 'VehicleList *' to 'ClientList *'
D:\Temp\Aluno\Novo\Screen.c(148,20): warning C4047: 'function': 'int *' differs in levels of indirection from 'int **'
D:\Temp\Aluno\Novo\Screen.c(148,17): warning C4024: 'ShowMainMenu': different types for formal and actual parameter 1
D:\Temp\Aluno\Novo\Screen.c(155,37): warning C4028: formal parameter 1 different from declaration
D:\Temp\Aluno\Novo\Screen.c(155,60): warning C4029: declared formal parameter list different from definition
D:\Temp\Aluno\Novo\Screen.c(174,19): warning C4047: 'function': 'int *' differs in levels of indirection from 'int **'
D:\Temp\Aluno\Novo\Screen.c(174,16): warning C4024: 'ShowMainMenu': different types for formal and actual parameter 1
D:\Temp\Aluno\Novo\Screen.c(179,35): warning C4047: 'function': 'ManagerList **' differs in levels of indirection from 'ManagerList *'
D:\Temp\Aluno\Novo\Screen.c(179,23): warning C4024: 'ShowAddManagerMenu': different types for formal and actual parameter 1
D:\Temp\Aluno\Novo\Screen.c(191,20): warning C4047: 'function': 'int *' differs in levels of indirection from 'int **'
D:\Temp\Aluno\Novo\Screen.c(191,17): warning C4024: 'ShowMainMenu': different types for formal and actual parameter 1
D:\Temp\Aluno\Novo\Screen.c(213,10): warning C4473: 'scanf_s' : not enough arguments passed for format string
D:\Temp\Aluno\Novo\Screen.c(213,10): message : placeholders and their parameters expect 2 variadic arguments, but 1 were provided
D:\Temp\Aluno\Novo\Screen.c(213,10): message : the missing variadic argument 2 is required by format string '%s'
D:\Temp\Aluno\Novo\Screen.c(213,10): message : this argument is used as a buffer size
D:\Temp\Aluno\Novo\Screen.c(273,10): warning C4473: 'scanf_s' : not enough arguments passed for format string
D:\Temp\Aluno\Novo\Screen.c(273,10): message : placeholders and their parameters expect 2 variadic arguments, but 1 were provided
D:\Temp\Aluno\Novo\Screen.c(273,10): message : the missing variadic argument 2 is required by format string '%s'
D:\Temp\Aluno\Novo\Screen.c(273,10): message : this argument is used as a buffer size
D:\Temp\Aluno\Novo\Screen.c(296,6): warning C4101: 'i': unreferenced local variable
D:\Temp\Aluno\Novo\Screen.c(355,41): warning C4047: 'function': 'VehicleList *' differs in levels of indirection from 'VehicleList **'
D:\Temp\Aluno\Novo\Screen.c(355,29): warning C4024: 'AddVehicle': different types for formal and actual parameter 1
D:\Temp\Aluno\Novo\Screen.c(427,29): warning C4013: 'SearchById' undefined; assuming extern returning int
D:\Temp\Aluno\Novo\Screen.c(427,1): warning C4047: 'initializing': 'Client *' differs in levels of indirection from 'int'
D:\Temp\Aluno\Novo\Screen.c(428,1): warning C4133: 'initializing': incompatible types - from 'VehicleList *' to 'Vehicle *'
D:\Temp\Aluno\Novo\Screen.c(455,1): warning C4047: 'initializing': 'Client *' differs in levels of indirection from 'int'
D:\Temp\Aluno\Novo\Screen.c(444,6): warning C4101: 'i': unreferenced local variable
D:\Temp\Aluno\Novo\Screen.c(482,33): warning C4047: '=': 'VehicleList *' differs in levels of indirection from 'VehicleList *(__cdecl *)(VehicleList *)'
D:\Temp\Aluno\Novo\Screen.c(497,9): warning C4013: 'preintf' undefined; assuming extern returning int
D:\Temp\Aluno\Novo\Screen.c(505,35): warning C4133: 'function': incompatible types - from 'VehicleList *' to 'Vehicle *'
D:\Temp\Aluno\Novo\Screen.c(536,41): warning C4047: 'function': 'ManagerList *' differs in levels of indirection from 'ManagerList **'
D:\Temp\Aluno\Novo\Screen.c(536,29): warning C4024: 'AddManager': different types for formal and actual parameter 1
D:\Temp\Aluno\Novo\Screen.c(610,6): warning C4101: 'i': unreferenced local variable
  Generating Code...
Main.obj : error LNK2019: unresolved external symbol _ReadManager referenced in function _main
Main.obj : error LNK2019: unresolved external symbol _ResetManager referenced in function _main
Screen.obj : error LNK2019: unresolved external symbol _SearchById referenced in function _ShowRentVehicleMenu
Screen.obj : error LNK2019: unresolved external symbol _preintf referenced in function _ShowVehicleListByLocationMenu
Vehicle.obj : error LNK2019: unresolved external symbol _OrderVehiclesByID referenced in function _ReadVehicle
Vehicle.obj : error LNK2019: unresolved external symbol _GetNextVehicleId referenced in function _AddVehicle
D:\Temp\Aluno\Teste\Debug\Novo.exe : fatal error LNK1120: 6 unresolved externals
