d:\ipca\estruturas de dados avançada\projeto_eda\meganovo\x64\debug\vc143.pdb
d:\ipca\estruturas de dados avançada\projeto_eda\meganovo\x64\debug\vc143.idb
d:\ipca\estruturas de dados avançada\projeto_eda\meganovo\x64\debug\vehicle.obj
d:\ipca\estruturas de dados avançada\projeto_eda\meganovo\x64\debug\utility.obj
d:\ipca\estruturas de dados avançada\projeto_eda\meganovo\x64\debug\screen.obj
d:\ipca\estruturas de dados avançada\projeto_eda\meganovo\x64\debug\manager.obj
d:\ipca\estruturas de dados avançada\projeto_eda\meganovo\x64\debug\main.obj
d:\ipca\estruturas de dados avançada\projeto_eda\meganovo\x64\debug\graph.obj
d:\ipca\estruturas de dados avançada\projeto_eda\meganovo\x64\debug\cliente.obj
d:\ipca\estruturas de dados avançada\projeto_eda\x64\debug\meganovo.pdb
d:\ipca\estruturas de dados avançada\projeto_eda\meganovo\x64\debug\meganovo.tlog\cl.command.1.tlog
d:\ipca\estruturas de dados avançada\projeto_eda\meganovo\x64\debug\meganovo.tlog\cl.read.1.tlog
d:\ipca\estruturas de dados avançada\projeto_eda\meganovo\x64\debug\meganovo.tlog\cl.write.1.tlog
d:\ipca\estruturas de dados avançada\projeto_eda\meganovo\x64\debug\meganovo.tlog\link-cvtres.read.1.tlog
d:\ipca\estruturas de dados avançada\projeto_eda\meganovo\x64\debug\meganovo.tlog\link-cvtres.write.1.tlog
d:\ipca\estruturas de dados avançada\projeto_eda\meganovo\x64\debug\meganovo.tlog\link-rc.read.1.tlog
d:\ipca\estruturas de dados avançada\projeto_eda\meganovo\x64\debug\meganovo.tlog\link-rc.write.1.tlog
d:\ipca\estruturas de dados avançada\projeto_eda\meganovo\x64\debug\meganovo.tlog\link.command.1.tlog
d:\ipca\estruturas de dados avançada\projeto_eda\meganovo\x64\debug\meganovo.tlog\link.read.1.tlog
d:\ipca\estruturas de dados avançada\projeto_eda\meganovo\x64\debug\meganovo.tlog\link.read.2.tlog
d:\ipca\estruturas de dados avançada\projeto_eda\meganovo\x64\debug\meganovo.tlog\link.write.1.tlog
