  Cliente.c
D:\IPCA\Estruturas de dados avançada\Projeto_EDA\MegaNovo\Cliente.c(46,14): warning C4133: 'function': incompatible types - from 'ClientList *' to 'Client *'
D:\IPCA\Estruturas de dados avançada\Projeto_EDA\MegaNovo\Cliente.c(48,13): warning C4133: 'function': incompatible types - from 'ClientList *' to 'char *'
D:\IPCA\Estruturas de dados avançada\Projeto_EDA\MegaNovo\Cliente.c(95,26): warning C4244: '=': conversion from 'double' to 'float', possible loss of data
D:\IPCA\Estruturas de dados avançada\Projeto_EDA\MegaNovo\Cliente.c(180,11): warning C4133: 'function': incompatible types - from 'Client *' to 'FILE *const '
D:\IPCA\Estruturas de dados avançada\Projeto_EDA\MegaNovo\Cliente.c(180,44): warning C4047: 'function': 'const char *const ' differs in levels of indirection from 'size_t'
D:\IPCA\Estruturas de dados avançada\Projeto_EDA\MegaNovo\Cliente.c(180,30): warning C4024: 'fprintf': different types for formal and actual parameter 2
D:\IPCA\Estruturas de dados avançada\Projeto_EDA\MegaNovo\Cliente.c(205,3): warning C4033: 'AddClient' must return a value
  Graph.c
D:\IPCA\Estruturas de dados avançada\Projeto_EDA\MegaNovo\Graph.c(45,14): warning C4047: '=': 'bool *' differs in levels of indirection from 'int'
D:\IPCA\Estruturas de dados avançada\Projeto_EDA\MegaNovo\Graph.c(71,14): warning C4047: '=': 'bool *' differs in levels of indirection from 'int'
D:\IPCA\Estruturas de dados avançada\Projeto_EDA\MegaNovo\Graph.c(109,41): warning C4047: 'function': 'char *' differs in levels of indirection from 'int'
D:\IPCA\Estruturas de dados avançada\Projeto_EDA\MegaNovo\Graph.c(109,37): warning C4024: 'SearchVertice': different types for formal and actual parameter 2
D:\IPCA\Estruturas de dados avançada\Projeto_EDA\MegaNovo\Graph.c(139,8): warning C4047: 'initializing': 'int' differs in levels of indirection from 'Vertice *'
D:\IPCA\Estruturas de dados avançada\Projeto_EDA\MegaNovo\Graph.c(187,13): warning C4047: '=': 'bool *' differs in levels of indirection from 'int'
D:\IPCA\Estruturas de dados avançada\Projeto_EDA\MegaNovo\Graph.c(258,37): warning C4047: 'function': 'int' differs in levels of indirection from 'char *'
D:\IPCA\Estruturas de dados avançada\Projeto_EDA\MegaNovo\Graph.c(258,31): warning C4024: 'SearchVerticeCode': different types for formal and actual parameter 2
D:\IPCA\Estruturas de dados avançada\Projeto_EDA\MegaNovo\Graph.c(259,38): warning C4047: 'function': 'int' differs in levels of indirection from 'char *'
D:\IPCA\Estruturas de dados avançada\Projeto_EDA\MegaNovo\Graph.c(259,31): warning C4024: 'SearchVerticeCode': different types for formal and actual parameter 2
D:\IPCA\Estruturas de dados avançada\Projeto_EDA\MegaNovo\Graph.c(258,6): warning C4047: 'initializing': 'int' differs in levels of indirection from 'Vertice *'
D:\IPCA\Estruturas de dados avançada\Projeto_EDA\MegaNovo\Graph.c(259,6): warning C4047: 'initializing': 'int' differs in levels of indirection from 'Vertice *'
D:\IPCA\Estruturas de dados avançada\Projeto_EDA\MegaNovo\Graph.c(266,6): warning C4101: 'j': unreferenced local variable
D:\IPCA\Estruturas de dados avançada\Projeto_EDA\MegaNovo\Graph.c(289,37): warning C4047: 'function': 'int' differs in levels of indirection from 'char *'
D:\IPCA\Estruturas de dados avançada\Projeto_EDA\MegaNovo\Graph.c(289,31): warning C4024: 'SearchVerticeCode': different types for formal and actual parameter 2
D:\IPCA\Estruturas de dados avançada\Projeto_EDA\MegaNovo\Graph.c(290,38): warning C4047: 'function': 'int' differs in levels of indirection from 'char *'
D:\IPCA\Estruturas de dados avançada\Projeto_EDA\MegaNovo\Graph.c(290,31): warning C4024: 'SearchVerticeCode': different types for formal and actual parameter 2
D:\IPCA\Estruturas de dados avançada\Projeto_EDA\MegaNovo\Graph.c(289,6): warning C4047: 'initializing': 'int' differs in levels of indirection from 'Vertice *'
D:\IPCA\Estruturas de dados avançada\Projeto_EDA\MegaNovo\Graph.c(290,6): warning C4047: 'initializing': 'int' differs in levels of indirection from 'Vertice *'
D:\IPCA\Estruturas de dados avançada\Projeto_EDA\MegaNovo\Graph.c(365,32): warning C4047: 'function': 'bool **' differs in levels of indirection from 'bool *'
D:\IPCA\Estruturas de dados avançada\Projeto_EDA\MegaNovo\Graph.c(365,29): warning C4024: 'InsertVertice': different types for formal and actual parameter 3
D:\IPCA\Estruturas de dados avançada\Projeto_EDA\MegaNovo\Graph.c(387,40): warning C4047: 'function': 'char *' differs in levels of indirection from 'int'
D:\IPCA\Estruturas de dados avançada\Projeto_EDA\MegaNovo\Graph.c(387,29): warning C4024: 'InsertAdjVert': different types for formal and actual parameter 2
D:\IPCA\Estruturas de dados avançada\Projeto_EDA\MegaNovo\Graph.c(387,57): warning C4047: 'function': 'char *' differs in levels of indirection from 'int'
D:\IPCA\Estruturas de dados avançada\Projeto_EDA\MegaNovo\Graph.c(387,45): warning C4024: 'InsertAdjVert': different types for formal and actual parameter 3
  Main.c
D:\IPCA\Estruturas de dados avançada\Projeto_EDA\MegaNovo\Main.c(25,19): warning C4133: 'function': incompatible types - from 'ClientList *' to 'int *'
D:\IPCA\Estruturas de dados avançada\Projeto_EDA\MegaNovo\Main.c(28,20): warning C4133: 'function': incompatible types - from 'VehicleList *' to 'int *'
D:\IPCA\Estruturas de dados avançada\Projeto_EDA\MegaNovo\Main.c(31,22): warning C4133: 'function': incompatible types - from 'ManagerList *' to 'int *'
D:\IPCA\Estruturas de dados avançada\Projeto_EDA\MegaNovo\Main.c(37,16): warning C4133: 'function': incompatible types - from 'ClientList *' to 'Client *'
D:\IPCA\Estruturas de dados avançada\Projeto_EDA\MegaNovo\Main.c(38,17): warning C4133: 'function': incompatible types - from 'VehicleList *' to 'Vehicle *'
D:\IPCA\Estruturas de dados avançada\Projeto_EDA\MegaNovo\Main.c(57,42): warning C4047: 'function': 'bool **' differs in levels of indirection from 'bool *'
D:\IPCA\Estruturas de dados avançada\Projeto_EDA\MegaNovo\Main.c(57,38): warning C4024: 'InsertVertice': different types for formal and actual parameter 3
D:\IPCA\Estruturas de dados avançada\Projeto_EDA\MegaNovo\Main.c(64,41): warning C4047: 'function': 'bool **' differs in levels of indirection from 'bool *'
D:\IPCA\Estruturas de dados avançada\Projeto_EDA\MegaNovo\Main.c(64,37): warning C4024: 'InsertVertice': different types for formal and actual parameter 3
D:\IPCA\Estruturas de dados avançada\Projeto_EDA\MegaNovo\Main.c(72,41): warning C4047: 'function': 'bool **' differs in levels of indirection from 'bool *'
D:\IPCA\Estruturas de dados avançada\Projeto_EDA\MegaNovo\Main.c(72,37): warning C4024: 'InsertVertice': different types for formal and actual parameter 3
D:\IPCA\Estruturas de dados avançada\Projeto_EDA\MegaNovo\Main.c(80,41): warning C4047: 'function': 'bool **' differs in levels of indirection from 'bool *'
D:\IPCA\Estruturas de dados avançada\Projeto_EDA\MegaNovo\Main.c(80,37): warning C4024: 'InsertVertice': different types for formal and actual parameter 3
D:\IPCA\Estruturas de dados avançada\Projeto_EDA\MegaNovo\Main.c(88,41): warning C4047: 'function': 'bool **' differs in levels of indirection from 'bool *'
D:\IPCA\Estruturas de dados avançada\Projeto_EDA\MegaNovo\Main.c(88,37): warning C4024: 'InsertVertice': different types for formal and actual parameter 3
D:\IPCA\Estruturas de dados avançada\Projeto_EDA\MegaNovo\Main.c(96,41): warning C4047: 'function': 'bool **' differs in levels of indirection from 'bool *'
D:\IPCA\Estruturas de dados avançada\Projeto_EDA\MegaNovo\Main.c(96,37): warning C4024: 'InsertVertice': different types for formal and actual parameter 3
D:\IPCA\Estruturas de dados avançada\Projeto_EDA\MegaNovo\Main.c(104,41): warning C4047: 'function': 'bool **' differs in levels of indirection from 'bool *'
D:\IPCA\Estruturas de dados avançada\Projeto_EDA\MegaNovo\Main.c(104,37): warning C4024: 'InsertVertice': different types for formal and actual parameter 3
D:\IPCA\Estruturas de dados avançada\Projeto_EDA\MegaNovo\Main.c(112,41): warning C4047: 'function': 'bool **' differs in levels of indirection from 'bool *'
D:\IPCA\Estruturas de dados avançada\Projeto_EDA\MegaNovo\Main.c(112,37): warning C4024: 'InsertVertice': different types for formal and actual parameter 3
D:\IPCA\Estruturas de dados avançada\Projeto_EDA\MegaNovo\Main.c(120,8): warning C4013: 'InsertAdjVertice' undefined; assuming extern returning int
D:\IPCA\Estruturas de dados avançada\Projeto_EDA\MegaNovo\Main.c(120,60): warning C4047: '=': 'Vertice *' differs in levels of indirection from 'int'
D:\IPCA\Estruturas de dados avançada\Projeto_EDA\MegaNovo\Main.c(121,58): warning C4047: '=': 'Vertice *' differs in levels of indirection from 'int'
D:\IPCA\Estruturas de dados avançada\Projeto_EDA\MegaNovo\Main.c(122,61): warning C4047: '=': 'Vertice *' differs in levels of indirection from 'int'
D:\IPCA\Estruturas de dados avançada\Projeto_EDA\MegaNovo\Main.c(123,59): warning C4047: '=': 'Vertice *' differs in levels of indirection from 'int'
D:\IPCA\Estruturas de dados avançada\Projeto_EDA\MegaNovo\Main.c(124,59): warning C4047: '=': 'Vertice *' differs in levels of indirection from 'int'
D:\IPCA\Estruturas de dados avançada\Projeto_EDA\MegaNovo\Main.c(125,63): warning C4047: '=': 'Vertice *' differs in levels of indirection from 'int'
D:\IPCA\Estruturas de dados avançada\Projeto_EDA\MegaNovo\Main.c(126,58): warning C4047: '=': 'Vertice *' differs in levels of indirection from 'int'
D:\IPCA\Estruturas de dados avançada\Projeto_EDA\MegaNovo\Main.c(127,60): warning C4047: '=': 'Vertice *' differs in levels of indirection from 'int'
D:\IPCA\Estruturas de dados avançada\Projeto_EDA\MegaNovo\Main.c(128,62): warning C4047: '=': 'Vertice *' differs in levels of indirection from 'int'
D:\IPCA\Estruturas de dados avançada\Projeto_EDA\MegaNovo\Main.c(129,61): warning C4047: '=': 'Vertice *' differs in levels of indirection from 'int'
D:\IPCA\Estruturas de dados avançada\Projeto_EDA\MegaNovo\Main.c(130,60): warning C4047: '=': 'Vertice *' differs in levels of indirection from 'int'
D:\IPCA\Estruturas de dados avançada\Projeto_EDA\MegaNovo\Main.c(131,64): warning C4047: '=': 'Vertice *' differs in levels of indirection from 'int'
D:\IPCA\Estruturas de dados avançada\Projeto_EDA\MegaNovo\Main.c(132,59): warning C4047: '=': 'Vertice *' differs in levels of indirection from 'int'
D:\IPCA\Estruturas de dados avançada\Projeto_EDA\MegaNovo\Main.c(133,61): warning C4047: '=': 'Vertice *' differs in levels of indirection from 'int'
D:\IPCA\Estruturas de dados avançada\Projeto_EDA\MegaNovo\Main.c(134,60): warning C4047: '=': 'Vertice *' differs in levels of indirection from 'int'
D:\IPCA\Estruturas de dados avançada\Projeto_EDA\MegaNovo\Main.c(135,59): warning C4047: '=': 'Vertice *' differs in levels of indirection from 'int'
D:\IPCA\Estruturas de dados avançada\Projeto_EDA\MegaNovo\Main.c(136,63): warning C4047: '=': 'Vertice *' differs in levels of indirection from 'int'
D:\IPCA\Estruturas de dados avançada\Projeto_EDA\MegaNovo\Main.c(137,58): warning C4047: '=': 'Vertice *' differs in levels of indirection from 'int'
D:\IPCA\Estruturas de dados avançada\Projeto_EDA\MegaNovo\Main.c(138,61): warning C4047: '=': 'Vertice *' differs in levels of indirection from 'int'
D:\IPCA\Estruturas de dados avançada\Projeto_EDA\MegaNovo\Main.c(139,60): warning C4047: '=': 'Vertice *' differs in levels of indirection from 'int'
D:\IPCA\Estruturas de dados avançada\Projeto_EDA\MegaNovo\Main.c(140,65): warning C4047: '=': 'Vertice *' differs in levels of indirection from 'int'
D:\IPCA\Estruturas de dados avançada\Projeto_EDA\MegaNovo\Main.c(141,60): warning C4047: '=': 'Vertice *' differs in levels of indirection from 'int'
D:\IPCA\Estruturas de dados avançada\Projeto_EDA\MegaNovo\Main.c(142,59): warning C4047: '=': 'Vertice *' differs in levels of indirection from 'int'
D:\IPCA\Estruturas de dados avançada\Projeto_EDA\MegaNovo\Main.c(143,64): warning C4047: '=': 'Vertice *' differs in levels of indirection from 'int'
D:\IPCA\Estruturas de dados avançada\Projeto_EDA\MegaNovo\Main.c(144,59): warning C4047: '=': 'Vertice *' differs in levels of indirection from 'int'
D:\IPCA\Estruturas de dados avançada\Projeto_EDA\MegaNovo\Main.c(145,63): warning C4047: '=': 'Vertice *' differs in levels of indirection from 'int'
D:\IPCA\Estruturas de dados avançada\Projeto_EDA\MegaNovo\Main.c(146,58): warning C4047: '=': 'Vertice *' differs in levels of indirection from 'int'
D:\IPCA\Estruturas de dados avançada\Projeto_EDA\MegaNovo\Main.c(147,62): warning C4047: '=': 'Vertice *' differs in levels of indirection from 'int'
D:\IPCA\Estruturas de dados avançada\Projeto_EDA\MegaNovo\Main.c(148,58): warning C4047: '=': 'Vertice *' differs in levels of indirection from 'int'
D:\IPCA\Estruturas de dados avançada\Projeto_EDA\MegaNovo\Main.c(149,59): warning C4047: '=': 'Vertice *' differs in levels of indirection from 'int'
  Manager.c
D:\IPCA\Estruturas de dados avançada\Projeto_EDA\MegaNovo\Manager.c(40,14): warning C4133: 'function': incompatible types - from 'ManagerList *' to 'char *'
D:\IPCA\Estruturas de dados avançada\Projeto_EDA\MegaNovo\Manager.c(40,28): warning C4133: 'function': incompatible types - from 'char *' to 'ManagerList *'
D:\IPCA\Estruturas de dados avançada\Projeto_EDA\MegaNovo\Manager.c(41,13): warning C4047: 'return': 'ManagerList *' differs in levels of indirection from 'int'
D:\IPCA\Estruturas de dados avançada\Projeto_EDA\MegaNovo\Manager.c(75,38): warning C4047: 'function': 'const char *' differs in levels of indirection from 'int'
D:\IPCA\Estruturas de dados avançada\Projeto_EDA\MegaNovo\Manager.c(75,30): warning C4024: 'strcpy': different types for formal and actual parameter 2
D:\IPCA\Estruturas de dados avançada\Projeto_EDA\MegaNovo\Manager.c(75,40): warning C4020: 'strcpy': too many actual parameters
D:\IPCA\Estruturas de dados avançada\Projeto_EDA\MegaNovo\Manager.c(78,39): warning C4047: 'function': 'const char *' differs in levels of indirection from 'int'
D:\IPCA\Estruturas de dados avançada\Projeto_EDA\MegaNovo\Manager.c(78,31): warning C4024: 'strcpy': different types for formal and actual parameter 2
D:\IPCA\Estruturas de dados avançada\Projeto_EDA\MegaNovo\Manager.c(78,41): warning C4020: 'strcpy': too many actual parameters
D:\IPCA\Estruturas de dados avançada\Projeto_EDA\MegaNovo\Manager.c(81,42): warning C4047: 'function': 'const char *' differs in levels of indirection from 'int'
D:\IPCA\Estruturas de dados avançada\Projeto_EDA\MegaNovo\Manager.c(81,34): warning C4024: 'strcpy': different types for formal and actual parameter 2
D:\IPCA\Estruturas de dados avançada\Projeto_EDA\MegaNovo\Manager.c(81,44): warning C4020: 'strcpy': too many actual parameters
D:\IPCA\Estruturas de dados avançada\Projeto_EDA\MegaNovo\Manager.c(125,20): warning C4133: '=': incompatible types - from 'Manager *' to 'ManagerList *'
D:\IPCA\Estruturas de dados avançada\Projeto_EDA\MegaNovo\Manager.c(126,16): warning C4133: '=': incompatible types - from 'ManagerList *' to 'Manager *'
D:\IPCA\Estruturas de dados avançada\Projeto_EDA\MegaNovo\Manager.c(132,34): warning C4133: 'function': incompatible types - from 'Manager *' to 'ManagerList *'
D:\IPCA\Estruturas de dados avançada\Projeto_EDA\MegaNovo\Manager.c(132,15): warning C4133: '=': incompatible types - from 'ManagerList *' to 'Manager *'
D:\IPCA\Estruturas de dados avançada\Projeto_EDA\MegaNovo\Manager.c(134,2): warning C4133: 'return': incompatible types - from 'Manager *' to 'ManagerList *'
D:\IPCA\Estruturas de dados avançada\Projeto_EDA\MegaNovo\Manager.c(170,31): warning C4047: '==': 'int' differs in levels of indirection from 'void *'
D:\IPCA\Estruturas de dados avançada\Projeto_EDA\MegaNovo\Manager.c(172,27): warning C4047: '==': 'int' differs in levels of indirection from 'void *'
  Screen.c
D:\IPCA\Estruturas de dados avançada\Projeto_EDA\MegaNovo\Screen.c(51,30): warning C4133: 'function': incompatible types - from 'VehicleList *' to 'Vehicle *'
D:\IPCA\Estruturas de dados avançada\Projeto_EDA\MegaNovo\Screen.c(58,33): warning C4028: formal parameter 1 different from declaration
D:\IPCA\Estruturas de dados avançada\Projeto_EDA\MegaNovo\Screen.c(58,55): warning C4029: declared formal parameter list different from definition
D:\IPCA\Estruturas de dados avançada\Projeto_EDA\MegaNovo\Screen.c(82,19): warning C4047: 'function': 'int *' differs in levels of indirection from 'int **'
D:\IPCA\Estruturas de dados avançada\Projeto_EDA\MegaNovo\Screen.c(82,16): warning C4024: 'ShowMainMenu': different types for formal and actual parameter 1
D:\IPCA\Estruturas de dados avançada\Projeto_EDA\MegaNovo\Screen.c(87,33): warning C4047: 'function': 'ClientList **' differs in levels of indirection from 'ClientList *'
D:\IPCA\Estruturas de dados avançada\Projeto_EDA\MegaNovo\Screen.c(87,22): warning C4024: 'ShowAddClientMenu': different types for formal and actual parameter 1
D:\IPCA\Estruturas de dados avançada\Projeto_EDA\MegaNovo\Screen.c(99,20): warning C4047: 'function': 'int *' differs in levels of indirection from 'int **'
D:\IPCA\Estruturas de dados avançada\Projeto_EDA\MegaNovo\Screen.c(99,17): warning C4024: 'ShowMainMenu': different types for formal and actual parameter 1
D:\IPCA\Estruturas de dados avançada\Projeto_EDA\MegaNovo\Screen.c(106,35): warning C4028: formal parameter 1 different from declaration
D:\IPCA\Estruturas de dados avançada\Projeto_EDA\MegaNovo\Screen.c(106,83): warning C4029: declared formal parameter list different from definition
D:\IPCA\Estruturas de dados avançada\Projeto_EDA\MegaNovo\Screen.c(131,19): warning C4047: 'function': 'int *' differs in levels of indirection from 'int **'
D:\IPCA\Estruturas de dados avançada\Projeto_EDA\MegaNovo\Screen.c(131,16): warning C4024: 'ShowMainMenu': different types for formal and actual parameter 1
D:\IPCA\Estruturas de dados avançada\Projeto_EDA\MegaNovo\Screen.c(136,34): warning C4047: 'function': 'ClientList **' differs in levels of indirection from 'VehicleList *'
D:\IPCA\Estruturas de dados avançada\Projeto_EDA\MegaNovo\Screen.c(136,22): warning C4024: 'ShowAddClientMenu': different types for formal and actual parameter 1
D:\IPCA\Estruturas de dados avançada\Projeto_EDA\MegaNovo\Screen.c(139,25): warning C4133: 'function': incompatible types - from 'VehicleList *' to 'ClientList *'
D:\IPCA\Estruturas de dados avançada\Projeto_EDA\MegaNovo\Screen.c(157,20): warning C4047: 'function': 'int *' differs in levels of indirection from 'int **'
D:\IPCA\Estruturas de dados avançada\Projeto_EDA\MegaNovo\Screen.c(157,17): warning C4024: 'ShowMainMenu': different types for formal and actual parameter 1
D:\IPCA\Estruturas de dados avançada\Projeto_EDA\MegaNovo\Screen.c(164,37): warning C4028: formal parameter 1 different from declaration
D:\IPCA\Estruturas de dados avançada\Projeto_EDA\MegaNovo\Screen.c(164,60): warning C4029: declared formal parameter list different from definition
D:\IPCA\Estruturas de dados avançada\Projeto_EDA\MegaNovo\Screen.c(187,19): warning C4047: 'function': 'int *' differs in levels of indirection from 'int **'
D:\IPCA\Estruturas de dados avançada\Projeto_EDA\MegaNovo\Screen.c(187,16): warning C4024: 'ShowMainMenu': different types for formal and actual parameter 1
D:\IPCA\Estruturas de dados avançada\Projeto_EDA\MegaNovo\Screen.c(192,35): warning C4047: 'function': 'ManagerList **' differs in levels of indirection from 'ManagerList *'
D:\IPCA\Estruturas de dados avançada\Projeto_EDA\MegaNovo\Screen.c(192,23): warning C4024: 'ShowAddManagerMenu': different types for formal and actual parameter 1
D:\IPCA\Estruturas de dados avançada\Projeto_EDA\MegaNovo\Screen.c(204,20): warning C4047: 'function': 'int *' differs in levels of indirection from 'int **'
D:\IPCA\Estruturas de dados avançada\Projeto_EDA\MegaNovo\Screen.c(204,17): warning C4024: 'ShowMainMenu': different types for formal and actual parameter 1
D:\IPCA\Estruturas de dados avançada\Projeto_EDA\MegaNovo\Screen.c(224,10): warning C4473: 'scanf_s' : not enough arguments passed for format string
D:\IPCA\Estruturas de dados avançada\Projeto_EDA\MegaNovo\Screen.c(224,10): message : placeholders and their parameters expect 2 variadic arguments, but 1 were provided
D:\IPCA\Estruturas de dados avançada\Projeto_EDA\MegaNovo\Screen.c(224,10): message : the missing variadic argument 2 is required by format string '%s'
D:\IPCA\Estruturas de dados avançada\Projeto_EDA\MegaNovo\Screen.c(224,10): message : this argument is used as a buffer size
D:\IPCA\Estruturas de dados avançada\Projeto_EDA\MegaNovo\Screen.c(284,10): warning C4473: 'scanf_s' : not enough arguments passed for format string
D:\IPCA\Estruturas de dados avançada\Projeto_EDA\MegaNovo\Screen.c(284,10): message : placeholders and their parameters expect 2 variadic arguments, but 1 were provided
D:\IPCA\Estruturas de dados avançada\Projeto_EDA\MegaNovo\Screen.c(284,10): message : the missing variadic argument 2 is required by format string '%s'
D:\IPCA\Estruturas de dados avançada\Projeto_EDA\MegaNovo\Screen.c(284,10): message : this argument is used as a buffer size
D:\IPCA\Estruturas de dados avançada\Projeto_EDA\MegaNovo\Screen.c(307,6): warning C4101: 'i': unreferenced local variable
D:\IPCA\Estruturas de dados avançada\Projeto_EDA\MegaNovo\Screen.c(366,41): warning C4047: 'function': 'VehicleList *' differs in levels of indirection from 'VehicleList **'
D:\IPCA\Estruturas de dados avançada\Projeto_EDA\MegaNovo\Screen.c(366,29): warning C4024: 'AddVehicle': different types for formal and actual parameter 1
D:\IPCA\Estruturas de dados avançada\Projeto_EDA\MegaNovo\Screen.c(438,10): warning C4133: 'initializing': incompatible types - from 'ClientList *' to 'Client *'
D:\IPCA\Estruturas de dados avançada\Projeto_EDA\MegaNovo\Screen.c(439,11): warning C4133: 'initializing': incompatible types - from 'VehicleList *' to 'Vehicle *'
D:\IPCA\Estruturas de dados avançada\Projeto_EDA\MegaNovo\Screen.c(466,39): warning C4133: 'function': incompatible types - from 'ClientList *' to 'VehicleList *'
D:\IPCA\Estruturas de dados avançada\Projeto_EDA\MegaNovo\Screen.c(466,12): warning C4133: 'initializing': incompatible types - from 'VehicleList *' to 'Client *'
D:\IPCA\Estruturas de dados avançada\Projeto_EDA\MegaNovo\Screen.c(455,6): warning C4101: 'i': unreferenced local variable
D:\IPCA\Estruturas de dados avançada\Projeto_EDA\MegaNovo\Screen.c(516,15): warning C4133: 'function': incompatible types - from 'VehicleList *' to 'Vehicle *'
D:\IPCA\Estruturas de dados avançada\Projeto_EDA\MegaNovo\Screen.c(547,41): warning C4047: 'function': 'ManagerList *' differs in levels of indirection from 'ManagerList **'
D:\IPCA\Estruturas de dados avançada\Projeto_EDA\MegaNovo\Screen.c(547,29): warning C4024: 'AddManager': different types for formal and actual parameter 1
D:\IPCA\Estruturas de dados avançada\Projeto_EDA\MegaNovo\Screen.c(621,6): warning C4101: 'i': unreferenced local variable
  Utility.c
  Vehicle.c
D:\IPCA\Estruturas de dados avançada\Projeto_EDA\MegaNovo\Vehicle.c(41,15): warning C4133: '=': incompatible types - from 'VehicleList *' to 'Vehicle *'
D:\IPCA\Estruturas de dados avançada\Projeto_EDA\MegaNovo\Vehicle.c(42,14): warning C4133: 'function': incompatible types - from 'Vehicle *' to 'char *'
D:\IPCA\Estruturas de dados avançada\Projeto_EDA\MegaNovo\Vehicle.c(42,28): warning C4133: 'function': incompatible types - from 'Vehicle *' to 'VehicleList *'
D:\IPCA\Estruturas de dados avançada\Projeto_EDA\MegaNovo\Vehicle.c(43,2): warning C4133: 'return': incompatible types - from 'Vehicle *' to 'VehicleList *'
D:\IPCA\Estruturas de dados avançada\Projeto_EDA\MegaNovo\Vehicle.c(73,33): warning C4244: '=': conversion from 'double' to 'float', possible loss of data
D:\IPCA\Estruturas de dados avançada\Projeto_EDA\MegaNovo\Vehicle.c(75,25): warning C4244: '=': conversion from 'double' to 'float', possible loss of data
D:\IPCA\Estruturas de dados avançada\Projeto_EDA\MegaNovo\Vehicle.c(77,42): warning C4047: 'function': 'const char *' differs in levels of indirection from 'int'
D:\IPCA\Estruturas de dados avançada\Projeto_EDA\MegaNovo\Vehicle.c(77,34): warning C4024: 'strcpy': different types for formal and actual parameter 2
D:\IPCA\Estruturas de dados avançada\Projeto_EDA\MegaNovo\Vehicle.c(77,44): warning C4020: 'strcpy': too many actual parameters
D:\IPCA\Estruturas de dados avançada\Projeto_EDA\MegaNovo\Vehicle.c(123,42): warning C4047: 'function': 'const char *' differs in levels of indirection from 'int'
D:\IPCA\Estruturas de dados avançada\Projeto_EDA\MegaNovo\Vehicle.c(123,34): warning C4024: 'strcpy': different types for formal and actual parameter 2
D:\IPCA\Estruturas de dados avançada\Projeto_EDA\MegaNovo\Vehicle.c(123,51): warning C4020: 'strcpy': too many actual parameters
D:\IPCA\Estruturas de dados avançada\Projeto_EDA\MegaNovo\Vehicle.c(125,22): warning C4133: '=': incompatible types - from 'VehicleList *' to 'Vehicle *'
D:\IPCA\Estruturas de dados avançada\Projeto_EDA\MegaNovo\Vehicle.c(112,16): warning C4133: 'initializing': incompatible types - from 'Vehicle *' to 'VehicleList *'
D:\IPCA\Estruturas de dados avançada\Projeto_EDA\MegaNovo\Vehicle.c(181,13): warning C4047: 'return': 'VehicleList *' differs in levels of indirection from 'int'
D:\IPCA\Estruturas de dados avançada\Projeto_EDA\MegaNovo\Vehicle.c(198,4): warning C4033: 'RemoveVehicle' must return a value
D:\IPCA\Estruturas de dados avançada\Projeto_EDA\MegaNovo\Vehicle.c(223,4): warning C4033: 'EditVehicle' must return a value
D:\IPCA\Estruturas de dados avançada\Projeto_EDA\MegaNovo\Vehicle.c(330,4): warning C4133: 'return': incompatible types - from 'Vehicle *' to 'VehicleList *'
  Generating Code...
D:\IPCA\Estruturas de dados avançada\Projeto_EDA\MegaNovo\Vehicle.c(204): warning C4715: 'RemoveVehicle': not all control paths return a value
D:\IPCA\Estruturas de dados avançada\Projeto_EDA\MegaNovo\Vehicle.c(231): warning C4715: 'EditVehicle': not all control paths return a value
D:\IPCA\Estruturas de dados avançada\Projeto_EDA\MegaNovo\Graph.c(167): warning C4715: 'InsertAdjVerticeCode': not all control paths return a value
D:\IPCA\Estruturas de dados avançada\Projeto_EDA\MegaNovo\Cliente.c(216): warning C4715: 'AddClient': not all control paths return a value
C:\Program Files\Microsoft Visual Studio\2022\Community\MSBuild\Microsoft\VC\v170\Microsoft.CppCommon.targets(1096,5): error MSB6006: "link.exe" exited with code 1120.
Main.obj : error LNK2019: unresolved external symbol InsertAdjVertice referenced in function main
D:\IPCA\Estruturas de dados avançada\Projeto_EDA\x64\Debug\MegaNovo.exe : fatal error LNK1120: 1 unresolved externals
